0 verbose cli /usr/bin/node /usr/bin/npm
1 info using npm@9.2.0
2 info using node@v18.20.4
3 timing npm:load:whichnode Completed in 2ms
4 timing config:load:defaults Completed in 7ms
5 timing config:load:file:/usr/share/nodejs/npm/npmrc Completed in 9ms
6 timing config:load:builtin Completed in 10ms
7 timing config:load:cli Completed in 5ms
8 timing config:load:env Completed in 2ms
9 timing config:load:project Completed in 4ms
10 timing config:load:file:/home/darkm/.npmrc Completed in 0ms
11 timing config:load:user Completed in 2ms
12 timing config:load:file:/etc/npmrc Completed in 0ms
13 timing config:load:global Completed in 2ms
14 timing config:load:setEnvs Completed in 4ms
15 timing config:load Completed in 37ms
16 timing npm:load:configload Completed in 37ms
17 timing npm:load:mkdirpcache Completed in 1ms
18 timing npm:load:mkdirplogs Completed in 1ms
19 verbose title npm install @capacitor/core @capacitor/cli
20 verbose argv "install" "@capacitor/core" "@capacitor/cli"
21 timing npm:load:setTitle Completed in 5ms
22 timing config:load:flatten Completed in 11ms
23 timing npm:load:display Completed in 15ms
24 verbose logfile logs-max:10 dir:/home/darkm/.npm/_logs/2025-11-10T16_45_30_086Z-
25 verbose logfile /home/darkm/.npm/_logs/2025-11-10T16_45_30_086Z-debug-0.log
26 timing npm:load:logFile Completed in 19ms
27 timing npm:load:timers Completed in 1ms
28 timing npm:load:configScope Completed in 0ms
29 timing npm:load Completed in 83ms
30 silly logfile done cleaning log files
31 timing config:load:flatten Completed in 3ms
32 timing arborist:ctor Completed in 3ms
33 timing arborist:ctor Completed in 1ms
34 timing idealTree:init Completed in 123ms
35 timing idealTree:userRequests Completed in 33ms
36 silly idealTree buildDeps
37 silly fetch manifest @capacitor/core@*
38 http fetch GET 200 https://registry.npmjs.org/@capacitor%2fcore 846ms (cache miss)
39 silly fetch manifest @capacitor/cli@*
40 http fetch GET 200 https://registry.npmjs.org/@capacitor%2fcli 370ms (cache miss)
41 silly placeDep ROOT @capacitor/cli@7.4.4 OK for: darkm@1.0.0 want: *
42 silly placeDep ROOT @capacitor/core@7.4.4 OK for: darkm@1.0.0 want: *
43 silly fetch manifest tar@^6.1.11
44 silly fetch manifest open@^8.4.0
45 silly fetch manifest debug@^4.4.0
46 silly fetch manifest kleur@^4.1.5
47 silly fetch manifest plist@^3.1.0
48 silly fetch manifest tslib@^2.8.1
49 silly fetch manifest rimraf@^6.0.1
50 silly fetch manifest semver@^7.6.3
51 silly fetch manifest xml2js@^0.6.2
52 silly fetch manifest prompts@^2.4.2
53 silly fetch manifest fs-extra@^11.2.0
54 silly fetch manifest commander@^12.1.0
55 silly fetch manifest env-paths@^2.2.0
56 silly fetch manifest native-run@^2.0.1
57 silly fetch manifest @ionic/utils-terminal@^2.3.5
58 silly fetch manifest @ionic/utils-subprocess@^3.0.1
59 silly fetch manifest @ionic/cli-framework-output@^2.2.8
60 silly fetch manifest tslib@^2.1.0
61 http fetch GET 200 https://registry.npmjs.org/tar 1382ms (cache miss)
62 http fetch GET 200 https://registry.npmjs.org/env-paths 1606ms (cache miss)
63 http fetch GET 200 https://registry.npmjs.org/plist 1701ms (cache miss)
64 http fetch GET 200 https://registry.npmjs.org/@ionic%2futils-subprocess 1695ms (cache miss)
65 http fetch GET 200 https://registry.npmjs.org/xml2js 1748ms (cache miss)
66 http fetch GET 200 https://registry.npmjs.org/kleur 1772ms (cache miss)
67 http fetch GET 200 https://registry.npmjs.org/@ionic%2fcli-framework-output 1770ms (cache miss)
68 http fetch GET 200 https://registry.npmjs.org/prompts 1824ms (cache miss)
69 http fetch GET 200 https://registry.npmjs.org/tslib 1851ms (cache miss)
70 http fetch GET 200 https://registry.npmjs.org/debug 1863ms (cache miss)
71 http fetch GET 200 https://registry.npmjs.org/tslib 1837ms (cache miss)
72 http fetch GET 200 https://registry.npmjs.org/@ionic%2futils-terminal 1849ms (cache miss)
73 http fetch GET 200 https://registry.npmjs.org/rimraf 1874ms (cache miss)
74 http fetch GET 200 https://registry.npmjs.org/fs-extra 1870ms (cache miss)
75 http fetch GET 200 https://registry.npmjs.org/open 1900ms (cache miss)
76 http fetch GET 200 https://registry.npmjs.org/native-run 1888ms (cache miss)
77 http fetch GET 200 https://registry.npmjs.org/semver 1909ms (cache miss)
78 http fetch GET 200 https://registry.npmjs.org/commander 1907ms (cache miss)
79 timing idealTree:#root Completed in 3294ms
80 silly placeDep ROOT @ionic/cli-framework-output@2.2.8 OK for: @capacitor/cli@7.4.4 want: ^2.2.8
81 silly placeDep ROOT @ionic/utils-subprocess@3.0.1 OK for: @capacitor/cli@7.4.4 want: ^3.0.1
82 silly placeDep ROOT @ionic/utils-terminal@2.3.5 OK for: @capacitor/cli@7.4.4 want: ^2.3.5
83 silly placeDep ROOT commander@12.1.0 OK for: @capacitor/cli@7.4.4 want: ^12.1.0
84 silly placeDep ROOT debug@4.4.3 OK for: @capacitor/cli@7.4.4 want: ^4.4.0
85 silly placeDep ROOT env-paths@2.2.1 OK for: @capacitor/cli@7.4.4 want: ^2.2.0
86 silly placeDep ROOT fs-extra@11.3.2 OK for: @capacitor/cli@7.4.4 want: ^11.2.0
87 silly placeDep ROOT kleur@4.1.5 OK for: @capacitor/cli@7.4.4 want: ^4.1.5
88 silly placeDep ROOT native-run@2.0.1 OK for: @capacitor/cli@7.4.4 want: ^2.0.1
89 silly placeDep ROOT open@8.4.2 OK for: @capacitor/cli@7.4.4 want: ^8.4.0
90 silly placeDep ROOT plist@3.1.0 OK for: @capacitor/cli@7.4.4 want: ^3.1.0
91 silly placeDep ROOT prompts@2.4.2 OK for: @capacitor/cli@7.4.4 want: ^2.4.2
92 silly placeDep ROOT rimraf@6.1.0 OK for: @capacitor/cli@7.4.4 want: ^6.0.1
93 silly placeDep ROOT semver@7.7.3 OK for: @capacitor/cli@7.4.4 want: ^7.6.3
94 silly placeDep ROOT tar@6.2.1 OK for: @capacitor/cli@7.4.4 want: ^6.1.11
95 silly placeDep ROOT tslib@2.8.1 OK for: @capacitor/cli@7.4.4 want: ^2.8.1
96 silly placeDep ROOT xml2js@0.6.2 OK for: @capacitor/cli@7.4.4 want: ^0.6.2
97 silly fetch manifest @ionic/utils-array@2.1.6
98 silly fetch manifest @ionic/utils-fs@3.1.7
99 silly fetch manifest @ionic/utils-process@2.1.12
100 silly fetch manifest @ionic/utils-stream@3.1.7
101 silly fetch manifest cross-spawn@^7.0.3
102 silly fetch manifest @types/slice-ansi@^4.0.0
103 silly fetch manifest signal-exit@^3.0.3
104 silly fetch manifest slice-ansi@^4.0.0
105 silly fetch manifest string-width@^4.1.0
106 silly fetch manifest strip-ansi@^6.0.0
107 silly fetch manifest untildify@^4.0.0
108 silly fetch manifest wrap-ansi@^7.0.0
109 silly fetch manifest ms@^2.1.3
110 silly fetch manifest jsonfile@^6.0.1
111 silly fetch manifest graceful-fs@^4.2.0
112 silly fetch manifest universalify@^2.0.0
113 silly fetch manifest ini@^4.1.1
114 silly fetch manifest yauzl@^2.10.0
115 silly fetch manifest split2@^4.2.0
116 silly fetch manifest through2@^4.0.2
117 silly fetch manifest elementtree@^0.1.7
118 silly fetch manifest bplist-parser@^0.3.2
119 silly fetch manifest @ionic/utils-fs@^3.1.7
120 silly fetch manifest is-wsl@^2.2.0
121 silly fetch manifest is-docker@^2.1.1
122 silly fetch manifest define-lazy-prop@^2.0.0
123 silly fetch manifest @xmldom/xmldom@^0.8.8
124 silly fetch manifest base64-js@^1.5.1
125 silly fetch manifest xmlbuilder@^15.1.1
126 silly fetch manifest kleur@^3.0.3
127 silly fetch manifest sisteransi@^1.0.5
128 silly fetch manifest glob@^11.0.3
129 silly fetch manifest package-json-from-dist@^1.0.1
130 silly fetch manifest chownr@^2.0.0
131 silly fetch manifest mkdirp@^1.0.3
132 silly fetch manifest yallist@^4.0.0
133 silly fetch manifest minipass@^5.0.0
134 silly fetch manifest minizlib@^2.1.1
135 silly fetch manifest fs-minipass@^2.0.0
136 silly fetch manifest sax@>=0.6.0
137 silly fetch manifest xmlbuilder@~11.0.0
138 http fetch GET 200 https://registry.npmjs.org/elementtree 1273ms (cache miss)
139 http fetch GET 200 https://registry.npmjs.org/slice-ansi 1364ms (cache miss)
140 http fetch GET 200 https://registry.npmjs.org/untildify 1367ms (cache miss)
141 http fetch GET 200 https://registry.npmjs.org/cross-spawn 1392ms (cache miss)
142 http fetch GET 200 https://registry.npmjs.org/through2 1334ms (cache miss)
143 http fetch GET 200 https://registry.npmjs.org/@types%2fslice-ansi 1397ms (cache miss)
144 http fetch GET 200 https://registry.npmjs.org/universalify 1367ms (cache miss)
145 http fetch GET 200 https://registry.npmjs.org/is-wsl 1341ms (cache miss)
146 http fetch GET 200 https://registry.npmjs.org/define-lazy-prop 1330ms (cache miss)
147 http fetch GET 200 https://registry.npmjs.org/is-docker 1342ms (cache miss)
148 http fetch GET 200 https://registry.npmjs.org/sisteransi 1388ms (cache miss)
149 http fetch GET 200 https://registry.npmjs.org/package-json-from-dist 1385ms (cache miss)
150 http fetch GET 200 https://registry.npmjs.org/jsonfile 1479ms (cache miss)
151 http fetch GET 200 https://registry.npmjs.org/ini 1485ms (cache miss)
152 http fetch GET 200 https://registry.npmjs.org/bplist-parser 1477ms (cache miss)
153 http fetch GET 200 https://registry.npmjs.org/@ionic%2futils-array 1577ms (cache miss)
154 http fetch GET 200 https://registry.npmjs.org/sax 1431ms (cache miss)
155 http fetch GET 200 https://registry.npmjs.org/signal-exit 1584ms (cache miss)
156 http fetch GET 200 https://registry.npmjs.org/strip-ansi 1605ms (cache miss)
157 http fetch GET 200 https://registry.npmjs.org/yauzl 1576ms (cache miss)
158 http fetch GET 200 https://registry.npmjs.org/fs-minipass 1498ms (cache miss)
159 http fetch GET 200 https://registry.npmjs.org/wrap-ansi 1620ms (cache miss)
160 http fetch GET 200 https://registry.npmjs.org/split2 1591ms (cache miss)
161 http fetch GET 200 https://registry.npmjs.org/@xmldom%2fxmldom 1555ms (cache miss)
162 http fetch GET 200 https://registry.npmjs.org/chownr 1534ms (cache miss)
163 http fetch GET 200 https://registry.npmjs.org/ms 1627ms (cache miss)
164 http fetch GET 200 https://registry.npmjs.org/mkdirp 1535ms (cache miss)
165 http fetch GET 200 https://registry.npmjs.org/minizlib 1532ms (cache miss)
166 http fetch GET 200 https://registry.npmjs.org/base64-js 1570ms (cache miss)
167 http fetch GET 200 https://registry.npmjs.org/yallist 1544ms (cache miss)
168 http fetch GET 200 https://registry.npmjs.org/string-width 1664ms (cache miss)
169 http fetch GET 200 https://registry.npmjs.org/xmlbuilder 1535ms (cache miss)
170 http fetch GET 200 https://registry.npmjs.org/@ionic%2futils-fs 1625ms (cache miss)
171 http fetch GET 200 https://registry.npmjs.org/@ionic%2futils-stream 1710ms (cache miss)
172 http fetch GET 200 https://registry.npmjs.org/@ionic%2futils-fs 1719ms (cache miss)
173 http fetch GET 200 https://registry.npmjs.org/@ionic%2futils-process 1720ms (cache miss)
174 http fetch GET 200 https://registry.npmjs.org/xmlbuilder 1609ms (cache miss)
175 http fetch GET 200 https://registry.npmjs.org/graceful-fs 1680ms (cache miss)
176 http fetch GET 200 https://registry.npmjs.org/glob 1617ms (cache miss)
177 http fetch GET 200 https://registry.npmjs.org/minipass 1613ms (cache miss)
178 timing idealTree:node_modules/@capacitor/cli Completed in 1948ms
179 timing idealTree:node_modules/@capacitor/core Completed in 0ms
180 timing idealTree:node_modules/@ionic/cli-framework-output Completed in 1ms
181 silly placeDep ROOT @ionic/utils-array@2.1.6 OK for: @ionic/utils-subprocess@3.0.1 want: 2.1.6
182 silly placeDep ROOT @ionic/utils-fs@3.1.7 OK for: @ionic/utils-subprocess@3.0.1 want: 3.1.7
183 silly placeDep ROOT @ionic/utils-process@2.1.12 OK for: @ionic/utils-subprocess@3.0.1 want: 2.1.12
184 silly placeDep ROOT @ionic/utils-stream@3.1.7 OK for: @ionic/utils-subprocess@3.0.1 want: 3.1.7
185 silly placeDep ROOT cross-spawn@7.0.6 OK for: @ionic/utils-subprocess@3.0.1 want: ^7.0.3
186 silly fetch manifest @types/fs-extra@^8.0.0
187 silly fetch manifest fs-extra@^9.0.0
188 silly fetch manifest @ionic/utils-object@2.1.6
189 silly fetch manifest tree-kill@^1.2.2
190 silly fetch manifest which@^2.0.1
191 silly fetch manifest path-key@^3.1.0
192 silly fetch manifest shebang-command@^2.0.0
193 http fetch GET 200 https://registry.npmjs.org/tree-kill 358ms (cache miss)
194 http fetch GET 200 https://registry.npmjs.org/path-key 359ms (cache miss)
195 http fetch GET 200 https://registry.npmjs.org/shebang-command 363ms (cache miss)
196 http fetch GET 200 https://registry.npmjs.org/@types%2ffs-extra 386ms (cache miss)
197 http fetch GET 200 https://registry.npmjs.org/which 387ms (cache miss)
198 http fetch GET 200 https://registry.npmjs.org/@ionic%2futils-object 449ms (cache miss)
199 timing idealTree:node_modules/@ionic/utils-subprocess Completed in 498ms
200 timing idealTree:node_modules/@ionic/utils-array Completed in 0ms
201 silly placeDep ROOT @types/fs-extra@8.1.5 OK for: @ionic/utils-fs@3.1.7 want: ^8.0.0
202 silly placeDep node_modules/@ionic/utils-fs fs-extra@9.1.0 OK for: @ionic/utils-fs@3.1.7 want: ^9.0.0
203 silly fetch manifest @types/node@*
204 silly fetch manifest at-least-node@^1.0.0
205 http fetch GET 200 https://registry.npmjs.org/at-least-node 151ms (cache miss)
206 http fetch GET 200 https://registry.npmjs.org/@types%2fnode 264ms (cache miss)
207 timing idealTree:node_modules/@ionic/utils-fs Completed in 316ms
208 silly placeDep ROOT @ionic/utils-object@2.1.6 OK for: @ionic/utils-process@2.1.12 want: 2.1.6
209 silly placeDep ROOT signal-exit@3.0.7 OK for: @ionic/utils-process@2.1.12 want: ^3.0.3
210 silly placeDep ROOT tree-kill@1.2.2 OK for: @ionic/utils-process@2.1.12 want: ^1.2.2
211 timing idealTree:node_modules/@ionic/utils-process Completed in 11ms
212 timing idealTree:node_modules/@ionic/utils-object Completed in 0ms
213 timing idealTree:node_modules/@ionic/utils-stream Completed in 0ms
214 silly placeDep ROOT @types/slice-ansi@4.0.0 OK for: @ionic/utils-terminal@2.3.5 want: ^4.0.0
215 silly placeDep ROOT slice-ansi@4.0.0 OK for: @ionic/utils-terminal@2.3.5 want: ^4.0.0
216 silly placeDep ROOT string-width@4.2.3 OK for: @ionic/utils-terminal@2.3.5 want: ^4.1.0
217 silly placeDep ROOT strip-ansi@6.0.1 OK for: @ionic/utils-terminal@2.3.5 want: ^6.0.0
218 silly placeDep ROOT untildify@4.0.0 OK for: @ionic/utils-terminal@2.3.5 want: ^4.0.0
219 silly placeDep ROOT wrap-ansi@7.0.0 OK for: @ionic/utils-terminal@2.3.5 want: ^7.0.0
220 silly fetch manifest ansi-styles@^4.0.0
221 silly fetch manifest astral-regex@^2.0.0
222 silly fetch manifest is-fullwidth-code-point@^3.0.0
223 silly fetch manifest emoji-regex@^8.0.0
224 silly fetch manifest ansi-regex@^5.0.1
225 http fetch GET 200 https://registry.npmjs.org/astral-regex 199ms (cache miss)
226 http fetch GET 200 https://registry.npmjs.org/ansi-styles 205ms (cache miss)
227 http fetch GET 200 https://registry.npmjs.org/ansi-regex 206ms (cache miss)
228 http fetch GET 200 https://registry.npmjs.org/is-fullwidth-code-point 217ms (cache miss)
229 http fetch GET 200 https://registry.npmjs.org/emoji-regex 222ms (cache miss)
230 timing idealTree:node_modules/@ionic/utils-terminal Completed in 255ms
231 silly placeDep ROOT @types/node@24.10.0 OK for: @types/fs-extra@8.1.5 want: *
232 silly fetch manifest undici-types@~7.16.0
233 http fetch GET 200 https://registry.npmjs.org/undici-types 125ms (cache miss)
234 timing idealTree:node_modules/@types/fs-extra Completed in 138ms
235 silly placeDep ROOT undici-types@7.16.0 OK for: @types/node@24.10.0 want: ~7.16.0
236 timing idealTree:node_modules/@types/node Completed in 3ms
237 timing idealTree:node_modules/@types/slice-ansi Completed in 0ms
238 timing idealTree:node_modules/commander Completed in 0ms
239 silly placeDep ROOT path-key@3.1.1 OK for: cross-spawn@7.0.6 want: ^3.1.0
240 silly placeDep ROOT shebang-command@2.0.0 OK for: cross-spawn@7.0.6 want: ^2.0.0
241 silly placeDep ROOT which@2.0.2 OK for: cross-spawn@7.0.6 want: ^2.0.1
242 silly fetch manifest shebang-regex@^3.0.0
243 silly fetch manifest isexe@^2.0.0
244 http fetch GET 200 https://registry.npmjs.org/shebang-regex 103ms (cache miss)
245 http fetch GET 200 https://registry.npmjs.org/isexe 131ms (cache miss)
246 timing idealTree:node_modules/cross-spawn Completed in 149ms
247 silly placeDep ROOT ms@2.1.3 OK for: debug@4.4.3 want: ^2.1.3
248 timing idealTree:node_modules/debug Completed in 4ms
249 timing idealTree:node_modules/env-paths Completed in 0ms
250 silly placeDep ROOT graceful-fs@4.2.11 OK for: fs-extra@11.3.2 want: ^4.2.0
251 silly placeDep ROOT jsonfile@6.2.0 OK for: fs-extra@11.3.2 want: ^6.0.1
252 silly placeDep ROOT universalify@2.0.1 OK for: fs-extra@11.3.2 want: ^2.0.0
253 timing idealTree:node_modules/fs-extra Completed in 16ms
254 timing idealTree:node_modules/graceful-fs Completed in 0ms
255 timing idealTree:node_modules/jsonfile Completed in 0ms
256 timing idealTree:node_modules/kleur Completed in 0ms
257 timing idealTree:node_modules/ms Completed in 0ms
258 silly placeDep ROOT bplist-parser@0.3.2 OK for: native-run@2.0.1 want: ^0.3.2
259 silly placeDep ROOT elementtree@0.1.7 OK for: native-run@2.0.1 want: ^0.1.7
260 silly placeDep ROOT ini@4.1.3 OK for: native-run@2.0.1 want: ^4.1.1
261 silly placeDep ROOT split2@4.2.0 OK for: native-run@2.0.1 want: ^4.2.0
262 silly placeDep ROOT through2@4.0.2 OK for: native-run@2.0.1 want: ^4.0.2
263 silly placeDep ROOT yauzl@2.10.0 OK for: native-run@2.0.1 want: ^2.10.0
264 silly fetch manifest big-integer@1.6.x
265 silly fetch manifest sax@1.1.4
266 silly fetch manifest readable-stream@3
267 silly fetch manifest fd-slicer@~1.1.0
268 silly fetch manifest buffer-crc32@~0.2.3
269 http fetch GET 200 https://registry.npmjs.org/fd-slicer 153ms (cache miss)
270 http fetch GET 200 https://registry.npmjs.org/buffer-crc32 152ms (cache miss)
271 http fetch GET 200 https://registry.npmjs.org/big-integer 173ms (cache miss)
272 http fetch GET 200 https://registry.npmjs.org/readable-stream 186ms (cache miss)
273 timing idealTree:node_modules/native-run Completed in 237ms
274 silly placeDep ROOT big-integer@1.6.52 OK for: bplist-parser@0.3.2 want: 1.6.x
275 timing idealTree:node_modules/bplist-parser Completed in 6ms
276 timing idealTree:node_modules/big-integer Completed in 0ms
277 silly placeDep ROOT sax@1.1.4 OK for: elementtree@0.1.7 want: 1.1.4
278 timing idealTree:node_modules/elementtree Completed in 6ms
279 timing idealTree:node_modules/ini Completed in 0ms
280 silly placeDep ROOT define-lazy-prop@2.0.0 OK for: open@8.4.2 want: ^2.0.0
281 silly placeDep ROOT is-docker@2.2.1 OK for: open@8.4.2 want: ^2.1.1
282 silly placeDep ROOT is-wsl@2.2.0 OK for: open@8.4.2 want: ^2.2.0
283 timing idealTree:node_modules/open Completed in 15ms
284 timing idealTree:node_modules/define-lazy-prop Completed in 0ms
285 timing idealTree:node_modules/is-docker Completed in 0ms
286 timing idealTree:node_modules/is-wsl Completed in 0ms
287 timing idealTree:node_modules/path-key Completed in 0ms
288 silly placeDep ROOT @xmldom/xmldom@0.8.11 OK for: plist@3.1.0 want: ^0.8.8
289 silly placeDep ROOT base64-js@1.5.1 OK for: plist@3.1.0 want: ^1.5.1
290 silly placeDep ROOT xmlbuilder@15.1.1 OK for: plist@3.1.0 want: ^15.1.1
291 timing idealTree:node_modules/plist Completed in 18ms
292 timing idealTree:node_modules/@xmldom/xmldom Completed in 0ms
293 timing idealTree:node_modules/base64-js Completed in 0ms
294 silly placeDep node_modules/prompts kleur@3.0.3 OK for: prompts@2.4.2 want: ^3.0.3
295 silly placeDep ROOT sisteransi@1.0.5 OK for: prompts@2.4.2 want: ^1.0.5
296 timing idealTree:node_modules/prompts Completed in 17ms
297 silly placeDep ROOT glob@11.0.3 OK for: rimraf@6.1.0 want: ^11.0.3
298 silly placeDep ROOT package-json-from-dist@1.0.1 OK for: rimraf@6.1.0 want: ^1.0.1
299 silly fetch manifest foreground-child@^3.3.1
300 silly fetch manifest jackspeak@^4.1.1
301 silly fetch manifest minimatch@^10.0.3
302 silly fetch manifest minipass@^7.1.2
303 silly fetch manifest path-scurry@^2.0.0
304 http fetch GET 200 https://registry.npmjs.org/foreground-child 161ms (cache miss)
305 http fetch GET 200 https://registry.npmjs.org/path-scurry 165ms (cache miss)
306 http fetch GET 200 https://registry.npmjs.org/jackspeak 175ms (cache miss)
307 http fetch GET 200 https://registry.npmjs.org/minimatch 179ms (cache miss)
308 timing idealTree:node_modules/rimraf Completed in 206ms
309 silly placeDep ROOT foreground-child@3.3.1 OK for: glob@11.0.3 want: ^3.3.1
310 silly placeDep ROOT jackspeak@4.1.1 OK for: glob@11.0.3 want: ^4.1.1
311 silly placeDep ROOT minimatch@10.1.1 OK for: glob@11.0.3 want: ^10.0.3
312 silly placeDep ROOT minipass@7.1.2 OK for: glob@11.0.3 want: ^7.1.2
313 silly placeDep ROOT path-scurry@2.0.1 OK for: glob@11.0.3 want: ^2.0.0
314 silly fetch manifest signal-exit@^4.0.1
315 silly fetch manifest @isaacs/cliui@^8.0.2
316 silly fetch manifest @isaacs/brace-expansion@^5.0.0
317 silly fetch manifest lru-cache@^11.0.0
318 http fetch GET 200 https://registry.npmjs.org/@isaacs%2fbrace-expansion 107ms (cache miss)
319 http fetch GET 200 https://registry.npmjs.org/@isaacs%2fcliui 164ms (cache miss)
320 http fetch GET 200 https://registry.npmjs.org/lru-cache 161ms (cache miss)
321 timing idealTree:node_modules/glob Completed in 199ms
322 silly placeDep node_modules/foreground-child signal-exit@4.1.0 OK for: foreground-child@3.3.1 want: ^4.0.1
323 timing idealTree:node_modules/foreground-child Completed in 4ms
324 silly placeDep ROOT @isaacs/cliui@8.0.2 OK for: jackspeak@4.1.1 want: ^8.0.2
325 silly fetch manifest string-width@^5.1.2
326 silly fetch manifest string-width-cjs@npm:string-width@^4.2.0
327 silly fetch manifest strip-ansi@^7.0.1
328 silly fetch manifest strip-ansi-cjs@npm:strip-ansi@^6.0.1
329 silly fetch manifest wrap-ansi@^8.1.0
330 silly fetch manifest wrap-ansi-cjs@npm:wrap-ansi@^7.0.0
331 timing idealTree:node_modules/jackspeak Completed in 17ms
332 silly placeDep node_modules/@isaacs/cliui string-width@5.1.2 OK for: @isaacs/cliui@8.0.2 want: ^5.1.2
333 silly placeDep ROOT string-width-cjs@4.2.3 OK for: @isaacs/cliui@8.0.2 want: npm:string-width@^4.2.0
334 silly placeDep node_modules/@isaacs/cliui strip-ansi@7.1.2 OK for: @isaacs/cliui@8.0.2 want: ^7.0.1
335 silly placeDep ROOT strip-ansi-cjs@6.0.1 OK for: @isaacs/cliui@8.0.2 want: npm:strip-ansi@^6.0.1
336 silly placeDep node_modules/@isaacs/cliui wrap-ansi@8.1.0 OK for: @isaacs/cliui@8.0.2 want: ^8.1.0
337 silly placeDep ROOT wrap-ansi-cjs@7.0.0 OK for: @isaacs/cliui@8.0.2 want: npm:wrap-ansi@^7.0.0
338 silly fetch manifest emoji-regex@^9.2.2
339 silly fetch manifest eastasianwidth@^0.2.0
340 silly fetch manifest ansi-regex@^6.0.1
341 silly fetch manifest ansi-styles@^6.1.0
342 http fetch GET 200 https://registry.npmjs.org/eastasianwidth 133ms (cache miss)
343 timing idealTree:node_modules/@isaacs/cliui Completed in 171ms
344 silly placeDep ROOT @isaacs/brace-expansion@5.0.0 OK for: minimatch@10.1.1 want: ^5.0.0
345 silly fetch manifest @isaacs/balanced-match@^4.0.1
346 http fetch GET 200 https://registry.npmjs.org/@isaacs%2fbalanced-match 112ms (cache miss)
347 timing idealTree:node_modules/minimatch Completed in 118ms
348 silly placeDep ROOT @isaacs/balanced-match@4.0.1 OK for: @isaacs/brace-expansion@5.0.0 want: ^4.0.1
349 timing idealTree:node_modules/@isaacs/brace-expansion Completed in 4ms
350 timing idealTree:node_modules/@isaacs/balanced-match Completed in 0ms
351 timing idealTree:node_modules/minipass Completed in 0ms
352 timing idealTree:node_modules/package-json-from-dist Completed in 0ms
353 silly placeDep ROOT lru-cache@11.2.2 OK for: path-scurry@2.0.1 want: ^11.0.0
354 timing idealTree:node_modules/path-scurry Completed in 5ms
355 timing idealTree:node_modules/lru-cache Completed in 0ms
356 timing idealTree:node_modules/sax Completed in 0ms
357 timing idealTree:node_modules/semver Completed in 0ms
358 silly placeDep ROOT shebang-regex@3.0.0 OK for: shebang-command@2.0.0 want: ^3.0.0
359 timing idealTree:node_modules/shebang-command Completed in 5ms
360 timing idealTree:node_modules/shebang-regex Completed in 0ms
361 timing idealTree:node_modules/signal-exit Completed in 0ms
362 timing idealTree:node_modules/sisteransi Completed in 0ms
363 silly placeDep ROOT ansi-styles@4.3.0 OK for: slice-ansi@4.0.0 want: ^4.0.0
364 silly placeDep ROOT astral-regex@2.0.0 OK for: slice-ansi@4.0.0 want: ^2.0.0
365 silly placeDep ROOT is-fullwidth-code-point@3.0.0 OK for: slice-ansi@4.0.0 want: ^3.0.0
366 silly fetch manifest color-convert@^2.0.1
367 http fetch GET 200 https://registry.npmjs.org/color-convert 110ms (cache miss)
368 timing idealTree:node_modules/slice-ansi Completed in 133ms
369 silly placeDep ROOT color-convert@2.0.1 OK for: ansi-styles@4.3.0 want: ^2.0.1
370 silly fetch manifest color-name@~1.1.4
371 http fetch GET 200 https://registry.npmjs.org/color-name 110ms (cache miss)
372 timing idealTree:node_modules/ansi-styles Completed in 125ms
373 timing idealTree:node_modules/astral-regex Completed in 0ms
374 silly placeDep ROOT color-name@1.1.4 OK for: color-convert@2.0.1 want: ~1.1.4
375 timing idealTree:node_modules/color-convert Completed in 4ms
376 timing idealTree:node_modules/color-name Completed in 0ms
377 timing idealTree:node_modules/is-fullwidth-code-point Completed in 0ms
378 timing idealTree:node_modules/split2 Completed in 0ms
379 silly placeDep ROOT emoji-regex@8.0.0 OK for: string-width@4.2.3 want: ^8.0.0
380 timing idealTree:node_modules/string-width Completed in 5ms
381 timing idealTree:node_modules/emoji-regex Completed in 1ms
382 timing idealTree:node_modules/string-width-cjs Completed in 0ms
383 silly placeDep ROOT ansi-regex@5.0.1 OK for: strip-ansi@6.0.1 want: ^5.0.1
384 timing idealTree:node_modules/strip-ansi Completed in 5ms
385 timing idealTree:node_modules/ansi-regex Completed in 0ms
386 timing idealTree:node_modules/strip-ansi-cjs Completed in 0ms
387 silly placeDep ROOT chownr@2.0.0 OK for: tar@6.2.1 want: ^2.0.0
388 silly placeDep ROOT fs-minipass@2.1.0 OK for: tar@6.2.1 want: ^2.0.0
389 silly placeDep node_modules/tar minipass@5.0.0 OK for: tar@6.2.1 want: ^5.0.0
390 silly placeDep ROOT minizlib@2.1.2 OK for: tar@6.2.1 want: ^2.1.1
391 silly placeDep ROOT mkdirp@1.0.4 OK for: tar@6.2.1 want: ^1.0.3
392 silly placeDep ROOT yallist@4.0.0 OK for: tar@6.2.1 want: ^4.0.0
393 silly fetch manifest minipass@^3.0.0
394 timing idealTree:node_modules/tar Completed in 38ms
395 timing idealTree:node_modules/chownr Completed in 1ms
396 silly placeDep node_modules/fs-minipass minipass@3.3.6 OK for: fs-minipass@2.1.0 want: ^3.0.0
397 timing idealTree:node_modules/fs-minipass Completed in 6ms
398 silly placeDep node_modules/minizlib minipass@3.3.6 OK for: minizlib@2.1.2 want: ^3.0.0
399 timing idealTree:node_modules/minizlib Completed in 7ms
400 timing idealTree:node_modules/mkdirp Completed in 1ms
401 silly placeDep ROOT readable-stream@3.6.2 OK for: through2@4.0.2 want: 3
402 silly fetch manifest inherits@^2.0.3
403 silly fetch manifest string_decoder@^1.1.1
404 silly fetch manifest util-deprecate@^1.0.1
405 http fetch GET 200 https://registry.npmjs.org/util-deprecate 90ms (cache miss)
406 http fetch GET 200 https://registry.npmjs.org/string_decoder 99ms (cache miss)
407 http fetch GET 200 https://registry.npmjs.org/inherits 119ms (cache miss)
408 timing idealTree:node_modules/through2 Completed in 127ms
409 silly placeDep ROOT inherits@2.0.4 OK for: readable-stream@3.6.2 want: ^2.0.3
410 silly placeDep ROOT string_decoder@1.3.0 OK for: readable-stream@3.6.2 want: ^1.1.1
411 silly placeDep ROOT util-deprecate@1.0.2 OK for: readable-stream@3.6.2 want: ^1.0.1
412 silly fetch manifest safe-buffer@~5.2.0
413 http fetch GET 200 https://registry.npmjs.org/safe-buffer 117ms (cache miss)
414 timing idealTree:node_modules/readable-stream Completed in 144ms
415 timing idealTree:node_modules/inherits Completed in 0ms
416 silly placeDep ROOT safe-buffer@5.2.1 OK for: string_decoder@1.3.0 want: ~5.2.0
417 timing idealTree:node_modules/string_decoder Completed in 4ms
418 timing idealTree:node_modules/safe-buffer Completed in 0ms
419 timing idealTree:node_modules/tree-kill Completed in 0ms
420 timing idealTree:node_modules/tslib Completed in 0ms
421 timing idealTree:node_modules/undici-types Completed in 0ms
422 timing idealTree:node_modules/universalify Completed in 0ms
423 timing idealTree:node_modules/untildify Completed in 0ms
424 timing idealTree:node_modules/util-deprecate Completed in 0ms
425 silly placeDep ROOT isexe@2.0.0 OK for: which@2.0.2 want: ^2.0.0
426 timing idealTree:node_modules/which Completed in 5ms
427 timing idealTree:node_modules/isexe Completed in 0ms
428 timing idealTree:node_modules/wrap-ansi Completed in 0ms
429 timing idealTree:node_modules/wrap-ansi-cjs Completed in 0ms
430 silly placeDep node_modules/xml2js xmlbuilder@11.0.1 OK for: xml2js@0.6.2 want: ~11.0.0
431 timing idealTree:node_modules/xml2js Completed in 5ms
432 timing idealTree:node_modules/xmlbuilder Completed in 0ms
433 timing idealTree:node_modules/yallist Completed in 0ms
434 silly placeDep ROOT buffer-crc32@0.2.13 OK for: yauzl@2.10.0 want: ~0.2.3
435 silly placeDep ROOT fd-slicer@1.1.0 OK for: yauzl@2.10.0 want: ~1.1.0
436 silly fetch manifest pend@~1.2.0
437 http fetch GET 200 https://registry.npmjs.org/pend 134ms (cache miss)
438 timing idealTree:node_modules/yauzl Completed in 144ms
439 timing idealTree:node_modules/buffer-crc32 Completed in 0ms
440 silly placeDep ROOT pend@1.2.0 OK for: fd-slicer@1.1.0 want: ~1.2.0
441 timing idealTree:node_modules/fd-slicer Completed in 4ms
442 timing idealTree:node_modules/pend Completed in 0ms
443 silly placeDep ROOT at-least-node@1.0.0 OK for: fs-extra@9.1.0 want: ^1.0.0
444 timing idealTree:node_modules/@ionic/utils-fs/node_modules/fs-extra Completed in 6ms
445 timing idealTree:node_modules/at-least-node Completed in 0ms
446 silly placeDep ROOT eastasianwidth@0.2.0 OK for: string-width@5.1.2 want: ^0.2.0
447 silly placeDep node_modules/@isaacs/cliui emoji-regex@9.2.2 OK for: string-width@5.1.2 want: ^9.2.2
448 timing idealTree:node_modules/@isaacs/cliui/node_modules/string-width Completed in 14ms
449 timing idealTree:node_modules/eastasianwidth Completed in 0ms
450 timing idealTree:node_modules/@isaacs/cliui/node_modules/emoji-regex Completed in 0ms
451 silly placeDep node_modules/@isaacs/cliui ansi-regex@6.2.2 OK for: strip-ansi@7.1.2 want: ^6.0.1
452 timing idealTree:node_modules/@isaacs/cliui/node_modules/strip-ansi Completed in 5ms
453 timing idealTree:node_modules/@isaacs/cliui/node_modules/ansi-regex Completed in 0ms
454 silly placeDep node_modules/@isaacs/cliui ansi-styles@6.2.3 OK for: wrap-ansi@8.1.0 want: ^6.1.0
455 timing idealTree:node_modules/@isaacs/cliui/node_modules/wrap-ansi Completed in 4ms
456 timing idealTree:node_modules/@isaacs/cliui/node_modules/ansi-styles Completed in 1ms
457 timing idealTree:node_modules/foreground-child/node_modules/signal-exit Completed in 0ms
458 timing idealTree:node_modules/fs-minipass/node_modules/minipass Completed in 0ms
459 timing idealTree:node_modules/minizlib/node_modules/minipass Completed in 0ms
460 timing idealTree:node_modules/prompts/node_modules/kleur Completed in 0ms
461 timing idealTree:node_modules/tar/node_modules/minipass Completed in 0ms
462 timing idealTree:node_modules/xml2js/node_modules/xmlbuilder Completed in 0ms
463 timing idealTree:buildDeps Completed in 8501ms
464 timing idealTree:fixDepFlags Completed in 5ms
465 warn EBADENGINE Unsupported engine {
465 warn EBADENGINE   package: '@capacitor/cli@7.4.4',
465 warn EBADENGINE   required: { node: '>=20.0.0' },
465 warn EBADENGINE   current: { node: 'v18.20.4', npm: '9.2.0' }
465 warn EBADENGINE }
466 warn EBADENGINE Unsupported engine {
466 warn EBADENGINE   package: 'rimraf@6.1.0',
466 warn EBADENGINE   required: { node: '20 || >=22' },
466 warn EBADENGINE   current: { node: 'v18.20.4', npm: '9.2.0' }
466 warn EBADENGINE }
467 warn EBADENGINE Unsupported engine {
467 warn EBADENGINE   package: 'glob@11.0.3',
467 warn EBADENGINE   required: { node: '20 || >=22' },
467 warn EBADENGINE   current: { node: 'v18.20.4', npm: '9.2.0' }
467 warn EBADENGINE }
468 warn EBADENGINE Unsupported engine {
468 warn EBADENGINE   package: 'jackspeak@4.1.1',
468 warn EBADENGINE   required: { node: '20 || >=22' },
468 warn EBADENGINE   current: { node: 'v18.20.4', npm: '9.2.0' }
468 warn EBADENGINE }
469 warn EBADENGINE Unsupported engine {
469 warn EBADENGINE   package: 'minimatch@10.1.1',
469 warn EBADENGINE   required: { node: '20 || >=22' },
469 warn EBADENGINE   current: { node: 'v18.20.4', npm: '9.2.0' }
469 warn EBADENGINE }
470 warn EBADENGINE Unsupported engine {
470 warn EBADENGINE   package: 'path-scurry@2.0.1',
470 warn EBADENGINE   required: { node: '20 || >=22' },
470 warn EBADENGINE   current: { node: 'v18.20.4', npm: '9.2.0' }
470 warn EBADENGINE }
471 warn EBADENGINE Unsupported engine {
471 warn EBADENGINE   package: '@isaacs/brace-expansion@5.0.0',
471 warn EBADENGINE   required: { node: '20 || >=22' },
471 warn EBADENGINE   current: { node: 'v18.20.4', npm: '9.2.0' }
471 warn EBADENGINE }
472 warn EBADENGINE Unsupported engine {
472 warn EBADENGINE   package: '@isaacs/balanced-match@4.0.1',
472 warn EBADENGINE   required: { node: '20 || >=22' },
472 warn EBADENGINE   current: { node: 'v18.20.4', npm: '9.2.0' }
472 warn EBADENGINE }
473 warn EBADENGINE Unsupported engine {
473 warn EBADENGINE   package: 'lru-cache@11.2.2',
473 warn EBADENGINE   required: { node: '20 || >=22' },
473 warn EBADENGINE   current: { node: 'v18.20.4', npm: '9.2.0' }
473 warn EBADENGINE }
474 timing idealTree Completed in 8811ms
475 timing reify:loadTrees Completed in 8818ms
476 timing reify:diffTrees Completed in 25ms
477 silly reify moves {}
478 timing reify:retireShallow Completed in 1ms
479 timing reify:createSparse Completed in 44ms
480 timing reify:loadBundles Completed in 0ms
481 silly audit bulk request {
481 silly audit   '@capacitor/cli': [ '7.4.4' ],
481 silly audit   '@capacitor/core': [ '7.4.4' ],
481 silly audit   '@ionic/cli-framework-output': [ '2.2.8' ],
481 silly audit   '@ionic/utils-subprocess': [ '3.0.1' ],
481 silly audit   '@ionic/utils-terminal': [ '2.3.5' ],
481 silly audit   commander: [ '12.1.0' ],
481 silly audit   debug: [ '4.4.3' ],
481 silly audit   'env-paths': [ '2.2.1' ],
481 silly audit   'fs-extra': [ '11.3.2', '9.1.0' ],
481 silly audit   kleur: [ '4.1.5', '3.0.3' ],
481 silly audit   'native-run': [ '2.0.1' ],
481 silly audit   open: [ '8.4.2' ],
481 silly audit   plist: [ '3.1.0' ],
481 silly audit   prompts: [ '2.4.2' ],
481 silly audit   rimraf: [ '6.1.0' ],
481 silly audit   semver: [ '7.7.3' ],
481 silly audit   tar: [ '6.2.1' ],
481 silly audit   tslib: [ '2.8.1' ],
481 silly audit   xml2js: [ '0.6.2' ],
481 silly audit   '@ionic/utils-array': [ '2.1.6' ],
481 silly audit   '@ionic/utils-fs': [ '3.1.7' ],
481 silly audit   '@ionic/utils-process': [ '2.1.12' ],
481 silly audit   '@ionic/utils-stream': [ '3.1.7' ],
481 silly audit   'cross-spawn': [ '7.0.6' ],
481 silly audit   '@types/fs-extra': [ '8.1.5' ],
481 silly audit   '@ionic/utils-object': [ '2.1.6' ],
481 silly audit   'signal-exit': [ '3.0.7', '4.1.0' ],
481 silly audit   'tree-kill': [ '1.2.2' ],
481 silly audit   '@types/slice-ansi': [ '4.0.0' ],
481 silly audit   'slice-ansi': [ '4.0.0' ],
481 silly audit   'string-width': [ '4.2.3', '5.1.2' ],
481 silly audit   'strip-ansi': [ '6.0.1', '7.1.2' ],
481 silly audit   untildify: [ '4.0.0' ],
481 silly audit   'wrap-ansi': [ '7.0.0', '8.1.0' ],
481 silly audit   '@types/node': [ '24.10.0' ],
481 silly audit   'undici-types': [ '7.16.0' ],
481 silly audit   'path-key': [ '3.1.1' ],
481 silly audit   'shebang-command': [ '2.0.0' ],
481 silly audit   which: [ '2.0.2' ],
481 silly audit   ms: [ '2.1.3' ],
481 silly audit   'graceful-fs': [ '4.2.11' ],
481 silly audit   jsonfile: [ '6.2.0' ],
481 silly audit   universalify: [ '2.0.1' ],
481 silly audit   'bplist-parser': [ '0.3.2' ],
481 silly audit   elementtree: [ '0.1.7' ],
481 silly audit   ini: [ '4.1.3' ],
481 silly audit   split2: [ '4.2.0' ],
481 silly audit   through2: [ '4.0.2' ],
481 silly audit   yauzl: [ '2.10.0' ],
481 silly audit   'big-integer': [ '1.6.52' ],
481 silly audit   sax: [ '1.1.4' ],
481 silly audit   'define-lazy-prop': [ '2.0.0' ],
481 silly audit   'is-docker': [ '2.2.1' ],
481 silly audit   'is-wsl': [ '2.2.0' ],
481 silly audit   '@xmldom/xmldom': [ '0.8.11' ],
481 silly audit   'base64-js': [ '1.5.1' ],
481 silly audit   xmlbuilder: [ '15.1.1', '11.0.1' ],
481 silly audit   sisteransi: [ '1.0.5' ],
481 silly audit   glob: [ '11.0.3' ],
481 silly audit   'package-json-from-dist': [ '1.0.1' ],
481 silly audit   'foreground-child': [ '3.3.1' ],
481 silly audit   jackspeak: [ '4.1.1' ],
481 silly audit   minimatch: [ '10.1.1' ],
481 silly audit   minipass: [ '7.1.2', '5.0.0', '3.3.6' ],
481 silly audit   'path-scurry': [ '2.0.1' ],
481 silly audit   '@isaacs/cliui': [ '8.0.2' ],
481 silly audit   '@isaacs/brace-expansion': [ '5.0.0' ],
481 silly audit   '@isaacs/balanced-match': [ '4.0.1' ],
481 silly audit   'lru-cache': [ '11.2.2' ],
481 silly audit   'shebang-regex': [ '3.0.0' ],
481 silly audit   'ansi-styles': [ '4.3.0', '6.2.3' ],
481 silly audit   'astral-regex': [ '2.0.0' ],
481 silly audit   'is-fullwidth-code-point': [ '3.0.0' ],
481 silly audit   'color-convert': [ '2.0.1' ],
481 silly audit   'color-name': [ '1.1.4' ],
481 silly audit   'emoji-regex': [ '8.0.0', '9.2.2' ],
481 silly audit   'ansi-regex': [ '5.0.1', '6.2.2' ],
481 silly audit   chownr: [ '2.0.0' ],
481 silly audit   'fs-minipass': [ '2.1.0' ],
481 silly audit   minizlib: [ '2.1.2' ],
481 silly audit   mkdirp: [ '1.0.4' ],
481 silly audit   yallist: [ '4.0.0' ],
481 silly audit   'readable-stream': [ '3.6.2' ],
481 silly audit   inherits: [ '2.0.4' ],
481 silly audit   string_decoder: [ '1.3.0' ],
481 silly audit   'util-deprecate': [ '1.0.2' ],
481 silly audit   'safe-buffer': [ '5.2.1' ],
481 silly audit   isexe: [ '2.0.0' ],
481 silly audit   'buffer-crc32': [ '0.2.13' ],
481 silly audit   'fd-slicer': [ '1.1.0' ],
481 silly audit   pend: [ '1.2.0' ],
481 silly audit   'at-least-node': [ '1.0.0' ],
481 silly audit   eastasianwidth: [ '0.2.0' ]
481 silly audit }
482 silly tarball no local data for eastasianwidth@https://registry.npmjs.org/eastasianwidth/-/eastasianwidth-0.2.0.tgz. Extracting by manifest.
483 silly tarball no local data for at-least-node@https://registry.npmjs.org/at-least-node/-/at-least-node-1.0.0.tgz. Extracting by manifest.
484 silly tarball no local data for pend@https://registry.npmjs.org/pend/-/pend-1.2.0.tgz. Extracting by manifest.
485 silly tarball no local data for fd-slicer@https://registry.npmjs.org/fd-slicer/-/fd-slicer-1.1.0.tgz. Extracting by manifest.
486 silly tarball no local data for buffer-crc32@https://registry.npmjs.org/buffer-crc32/-/buffer-crc32-0.2.13.tgz. Extracting by manifest.
487 silly tarball no local data for isexe@https://registry.npmjs.org/isexe/-/isexe-2.0.0.tgz. Extracting by manifest.
488 silly tarball no local data for string_decoder@https://registry.npmjs.org/string_decoder/-/string_decoder-1.3.0.tgz. Extracting by manifest.
489 silly tarball no local data for safe-buffer@https://registry.npmjs.org/safe-buffer/-/safe-buffer-5.2.1.tgz. Extracting by manifest.
490 silly tarball no local data for inherits@https://registry.npmjs.org/inherits/-/inherits-2.0.4.tgz. Extracting by manifest.
491 silly tarball no local data for readable-stream@https://registry.npmjs.org/readable-stream/-/readable-stream-3.6.2.tgz. Extracting by manifest.
492 silly tarball no local data for util-deprecate@https://registry.npmjs.org/util-deprecate/-/util-deprecate-1.0.2.tgz. Extracting by manifest.
493 silly tarball no local data for yallist@https://registry.npmjs.org/yallist/-/yallist-4.0.0.tgz. Extracting by manifest.
494 silly tarball no local data for mkdirp@https://registry.npmjs.org/mkdirp/-/mkdirp-1.0.4.tgz. Extracting by manifest.
495 silly tarball no local data for minizlib@https://registry.npmjs.org/minizlib/-/minizlib-2.1.2.tgz. Extracting by manifest.
496 silly tarball no local data for fs-minipass@https://registry.npmjs.org/fs-minipass/-/fs-minipass-2.1.0.tgz. Extracting by manifest.
497 silly tarball no local data for chownr@https://registry.npmjs.org/chownr/-/chownr-2.0.0.tgz. Extracting by manifest.
498 silly tarball no local data for ansi-regex@https://registry.npmjs.org/ansi-regex/-/ansi-regex-5.0.1.tgz. Extracting by manifest.
499 silly tarball no local data for emoji-regex@https://registry.npmjs.org/emoji-regex/-/emoji-regex-8.0.0.tgz. Extracting by manifest.
500 silly tarball no local data for color-name@https://registry.npmjs.org/color-name/-/color-name-1.1.4.tgz. Extracting by manifest.
501 silly tarball no local data for color-convert@https://registry.npmjs.org/color-convert/-/color-convert-2.0.1.tgz. Extracting by manifest.
502 silly tarball no local data for is-fullwidth-code-point@https://registry.npmjs.org/is-fullwidth-code-point/-/is-fullwidth-code-point-3.0.0.tgz. Extracting by manifest.
503 silly tarball no local data for astral-regex@https://registry.npmjs.org/astral-regex/-/astral-regex-2.0.0.tgz. Extracting by manifest.
504 silly tarball no local data for ansi-styles@https://registry.npmjs.org/ansi-styles/-/ansi-styles-4.3.0.tgz. Extracting by manifest.
505 silly tarball no local data for shebang-regex@https://registry.npmjs.org/shebang-regex/-/shebang-regex-3.0.0.tgz. Extracting by manifest.
506 silly tarball no local data for lru-cache@https://registry.npmjs.org/lru-cache/-/lru-cache-11.2.2.tgz. Extracting by manifest.
507 silly tarball no local data for @isaacs/balanced-match@https://registry.npmjs.org/@isaacs/balanced-match/-/balanced-match-4.0.1.tgz. Extracting by manifest.
508 silly tarball no local data for @isaacs/brace-expansion@https://registry.npmjs.org/@isaacs/brace-expansion/-/brace-expansion-5.0.0.tgz. Extracting by manifest.
509 silly tarball no local data for wrap-ansi-cjs@https://registry.npmjs.org/wrap-ansi/-/wrap-ansi-7.0.0.tgz. Extracting by manifest.
510 silly tarball no local data for strip-ansi-cjs@https://registry.npmjs.org/strip-ansi/-/strip-ansi-6.0.1.tgz. Extracting by manifest.
511 silly tarball no local data for string-width-cjs@https://registry.npmjs.org/string-width/-/string-width-4.2.3.tgz. Extracting by manifest.
512 silly tarball no local data for @isaacs/cliui@https://registry.npmjs.org/@isaacs/cliui/-/cliui-8.0.2.tgz. Extracting by manifest.
513 silly tarball no local data for path-scurry@https://registry.npmjs.org/path-scurry/-/path-scurry-2.0.1.tgz. Extracting by manifest.
514 silly tarball no local data for minipass@https://registry.npmjs.org/minipass/-/minipass-7.1.2.tgz. Extracting by manifest.
515 silly tarball no local data for minimatch@https://registry.npmjs.org/minimatch/-/minimatch-10.1.1.tgz. Extracting by manifest.
516 silly tarball no local data for jackspeak@https://registry.npmjs.org/jackspeak/-/jackspeak-4.1.1.tgz. Extracting by manifest.
517 silly tarball no local data for foreground-child@https://registry.npmjs.org/foreground-child/-/foreground-child-3.3.1.tgz. Extracting by manifest.
518 silly tarball no local data for package-json-from-dist@https://registry.npmjs.org/package-json-from-dist/-/package-json-from-dist-1.0.1.tgz. Extracting by manifest.
519 silly tarball no local data for glob@https://registry.npmjs.org/glob/-/glob-11.0.3.tgz. Extracting by manifest.
520 silly tarball no local data for sisteransi@https://registry.npmjs.org/sisteransi/-/sisteransi-1.0.5.tgz. Extracting by manifest.
521 silly tarball no local data for xmlbuilder@https://registry.npmjs.org/xmlbuilder/-/xmlbuilder-15.1.1.tgz. Extracting by manifest.
522 silly tarball no local data for base64-js@https://registry.npmjs.org/base64-js/-/base64-js-1.5.1.tgz. Extracting by manifest.
523 silly tarball no local data for @xmldom/xmldom@https://registry.npmjs.org/@xmldom/xmldom/-/xmldom-0.8.11.tgz. Extracting by manifest.
524 silly tarball no local data for is-wsl@https://registry.npmjs.org/is-wsl/-/is-wsl-2.2.0.tgz. Extracting by manifest.
525 silly tarball no local data for is-docker@https://registry.npmjs.org/is-docker/-/is-docker-2.2.1.tgz. Extracting by manifest.
526 silly tarball no local data for define-lazy-prop@https://registry.npmjs.org/define-lazy-prop/-/define-lazy-prop-2.0.0.tgz. Extracting by manifest.
527 silly tarball no local data for sax@https://registry.npmjs.org/sax/-/sax-1.1.4.tgz. Extracting by manifest.
528 silly tarball no local data for big-integer@https://registry.npmjs.org/big-integer/-/big-integer-1.6.52.tgz. Extracting by manifest.
529 silly tarball no local data for yauzl@https://registry.npmjs.org/yauzl/-/yauzl-2.10.0.tgz. Extracting by manifest.
530 silly tarball no local data for through2@https://registry.npmjs.org/through2/-/through2-4.0.2.tgz. Extracting by manifest.
531 silly tarball no local data for split2@https://registry.npmjs.org/split2/-/split2-4.2.0.tgz. Extracting by manifest.
532 silly tarball no local data for ini@https://registry.npmjs.org/ini/-/ini-4.1.3.tgz. Extracting by manifest.
533 silly tarball no local data for elementtree@https://registry.npmjs.org/elementtree/-/elementtree-0.1.7.tgz. Extracting by manifest.
534 silly tarball no local data for bplist-parser@https://registry.npmjs.org/bplist-parser/-/bplist-parser-0.3.2.tgz. Extracting by manifest.
535 silly tarball no local data for universalify@https://registry.npmjs.org/universalify/-/universalify-2.0.1.tgz. Extracting by manifest.
536 silly tarball no local data for jsonfile@https://registry.npmjs.org/jsonfile/-/jsonfile-6.2.0.tgz. Extracting by manifest.
537 silly tarball no local data for graceful-fs@https://registry.npmjs.org/graceful-fs/-/graceful-fs-4.2.11.tgz. Extracting by manifest.
538 silly tarball no local data for ms@https://registry.npmjs.org/ms/-/ms-2.1.3.tgz. Extracting by manifest.
539 silly tarball no local data for which@https://registry.npmjs.org/which/-/which-2.0.2.tgz. Extracting by manifest.
540 silly tarball no local data for shebang-command@https://registry.npmjs.org/shebang-command/-/shebang-command-2.0.0.tgz. Extracting by manifest.
541 silly tarball no local data for path-key@https://registry.npmjs.org/path-key/-/path-key-3.1.1.tgz. Extracting by manifest.
542 silly tarball no local data for undici-types@https://registry.npmjs.org/undici-types/-/undici-types-7.16.0.tgz. Extracting by manifest.
543 silly tarball no local data for @types/node@https://registry.npmjs.org/@types/node/-/node-24.10.0.tgz. Extracting by manifest.
544 silly tarball no local data for wrap-ansi@https://registry.npmjs.org/wrap-ansi/-/wrap-ansi-7.0.0.tgz. Extracting by manifest.
545 silly tarball no local data for untildify@https://registry.npmjs.org/untildify/-/untildify-4.0.0.tgz. Extracting by manifest.
546 silly tarball no local data for strip-ansi@https://registry.npmjs.org/strip-ansi/-/strip-ansi-6.0.1.tgz. Extracting by manifest.
547 silly tarball no local data for string-width@https://registry.npmjs.org/string-width/-/string-width-4.2.3.tgz. Extracting by manifest.
548 silly tarball no local data for slice-ansi@https://registry.npmjs.org/slice-ansi/-/slice-ansi-4.0.0.tgz. Extracting by manifest.
549 silly tarball no local data for @types/slice-ansi@https://registry.npmjs.org/@types/slice-ansi/-/slice-ansi-4.0.0.tgz. Extracting by manifest.
550 silly tarball no local data for tree-kill@https://registry.npmjs.org/tree-kill/-/tree-kill-1.2.2.tgz. Extracting by manifest.
551 silly tarball no local data for signal-exit@https://registry.npmjs.org/signal-exit/-/signal-exit-3.0.7.tgz. Extracting by manifest.
552 silly tarball no local data for @ionic/utils-object@https://registry.npmjs.org/@ionic/utils-object/-/utils-object-2.1.6.tgz. Extracting by manifest.
553 silly tarball no local data for @types/fs-extra@https://registry.npmjs.org/@types/fs-extra/-/fs-extra-8.1.5.tgz. Extracting by manifest.
554 silly tarball no local data for cross-spawn@https://registry.npmjs.org/cross-spawn/-/cross-spawn-7.0.6.tgz. Extracting by manifest.
555 silly tarball no local data for @ionic/utils-stream@https://registry.npmjs.org/@ionic/utils-stream/-/utils-stream-3.1.7.tgz. Extracting by manifest.
556 silly tarball no local data for @ionic/utils-process@https://registry.npmjs.org/@ionic/utils-process/-/utils-process-2.1.12.tgz. Extracting by manifest.
557 silly tarball no local data for @ionic/utils-fs@https://registry.npmjs.org/@ionic/utils-fs/-/utils-fs-3.1.7.tgz. Extracting by manifest.
558 silly tarball no local data for @ionic/utils-array@https://registry.npmjs.org/@ionic/utils-array/-/utils-array-2.1.6.tgz. Extracting by manifest.
559 silly tarball no local data for xml2js@https://registry.npmjs.org/xml2js/-/xml2js-0.6.2.tgz. Extracting by manifest.
560 silly tarball no local data for tslib@https://registry.npmjs.org/tslib/-/tslib-2.8.1.tgz. Extracting by manifest.
561 silly tarball no local data for tar@https://registry.npmjs.org/tar/-/tar-6.2.1.tgz. Extracting by manifest.
562 silly tarball no local data for semver@https://registry.npmjs.org/semver/-/semver-7.7.3.tgz. Extracting by manifest.
563 silly tarball no local data for rimraf@https://registry.npmjs.org/rimraf/-/rimraf-6.1.0.tgz. Extracting by manifest.
564 silly tarball no local data for prompts@https://registry.npmjs.org/prompts/-/prompts-2.4.2.tgz. Extracting by manifest.
565 silly tarball no local data for plist@https://registry.npmjs.org/plist/-/plist-3.1.0.tgz. Extracting by manifest.
566 silly tarball no local data for open@https://registry.npmjs.org/open/-/open-8.4.2.tgz. Extracting by manifest.
567 silly tarball no local data for native-run@https://registry.npmjs.org/native-run/-/native-run-2.0.1.tgz. Extracting by manifest.
568 silly tarball no local data for kleur@https://registry.npmjs.org/kleur/-/kleur-4.1.5.tgz. Extracting by manifest.
569 silly tarball no local data for fs-extra@https://registry.npmjs.org/fs-extra/-/fs-extra-11.3.2.tgz. Extracting by manifest.
570 silly tarball no local data for env-paths@https://registry.npmjs.org/env-paths/-/env-paths-2.2.1.tgz. Extracting by manifest.
571 silly tarball no local data for debug@https://registry.npmjs.org/debug/-/debug-4.4.3.tgz. Extracting by manifest.
572 silly tarball no local data for commander@https://registry.npmjs.org/commander/-/commander-12.1.0.tgz. Extracting by manifest.
573 silly tarball no local data for @ionic/utils-terminal@https://registry.npmjs.org/@ionic/utils-terminal/-/utils-terminal-2.3.5.tgz. Extracting by manifest.
574 silly tarball no local data for @ionic/utils-subprocess@https://registry.npmjs.org/@ionic/utils-subprocess/-/utils-subprocess-3.0.1.tgz. Extracting by manifest.
575 silly tarball no local data for @ionic/cli-framework-output@https://registry.npmjs.org/@ionic/cli-framework-output/-/cli-framework-output-2.2.8.tgz. Extracting by manifest.
576 silly tarball no local data for @capacitor/core@https://registry.npmjs.org/@capacitor/core/-/core-7.4.4.tgz. Extracting by manifest.
577 silly tarball no local data for @capacitor/cli@https://registry.npmjs.org/@capacitor/cli/-/cli-7.4.4.tgz. Extracting by manifest.
578 silly tarball no local data for minipass@https://registry.npmjs.org/minipass/-/minipass-3.3.6.tgz. Extracting by manifest.
579 silly tarball no local data for minipass@https://registry.npmjs.org/minipass/-/minipass-3.3.6.tgz. Extracting by manifest.
580 silly tarball no local data for ansi-styles@https://registry.npmjs.org/ansi-styles/-/ansi-styles-6.2.3.tgz. Extracting by manifest.
581 silly tarball no local data for emoji-regex@https://registry.npmjs.org/emoji-regex/-/emoji-regex-9.2.2.tgz. Extracting by manifest.
582 silly tarball no local data for ansi-regex@https://registry.npmjs.org/ansi-regex/-/ansi-regex-6.2.2.tgz. Extracting by manifest.
583 silly tarball no local data for wrap-ansi@https://registry.npmjs.org/wrap-ansi/-/wrap-ansi-8.1.0.tgz. Extracting by manifest.
584 silly tarball no local data for strip-ansi@https://registry.npmjs.org/strip-ansi/-/strip-ansi-7.1.2.tgz. Extracting by manifest.
585 silly tarball no local data for string-width@https://registry.npmjs.org/string-width/-/string-width-5.1.2.tgz. Extracting by manifest.
586 silly tarball no local data for signal-exit@https://registry.npmjs.org/signal-exit/-/signal-exit-4.1.0.tgz. Extracting by manifest.
587 silly tarball no local data for fs-extra@https://registry.npmjs.org/fs-extra/-/fs-extra-9.1.0.tgz. Extracting by manifest.
588 silly tarball no local data for xmlbuilder@https://registry.npmjs.org/xmlbuilder/-/xmlbuilder-11.0.1.tgz. Extracting by manifest.
589 silly tarball no local data for minipass@https://registry.npmjs.org/minipass/-/minipass-5.0.0.tgz. Extracting by manifest.
590 silly tarball no local data for kleur@https://registry.npmjs.org/kleur/-/kleur-3.0.3.tgz. Extracting by manifest.
591 http fetch POST 200 https://registry.npmjs.org/-/npm/v1/security/advisories/bulk 1246ms
592 timing auditReport:getReport Completed in 1255ms
593 silly audit report {}
594 timing auditReport:init Completed in 0ms
595 timing reify:audit Completed in 1258ms
596 http fetch GET 200 https://registry.npmjs.org/eastasianwidth/-/eastasianwidth-0.2.0.tgz 3353ms (cache miss)
597 timing reifyNode:node_modules/eastasianwidth Completed in 3672ms
598 http fetch GET 200 https://registry.npmjs.org/inherits/-/inherits-2.0.4.tgz 3592ms (cache miss)
599 timing reifyNode:node_modules/inherits Completed in 3941ms
600 http fetch GET 200 https://registry.npmjs.org/buffer-crc32/-/buffer-crc32-0.2.13.tgz 3611ms (cache miss)
601 timing reifyNode:node_modules/buffer-crc32 Completed in 3946ms
602 http fetch GET 200 https://registry.npmjs.org/at-least-node/-/at-least-node-1.0.0.tgz 3630ms (cache miss)
603 timing reifyNode:node_modules/at-least-node Completed in 3951ms
604 http fetch GET 200 https://registry.npmjs.org/util-deprecate/-/util-deprecate-1.0.2.tgz 3594ms (cache miss)
605 timing reifyNode:node_modules/util-deprecate Completed in 3952ms
606 http fetch GET 200 https://registry.npmjs.org/isexe/-/isexe-2.0.0.tgz 3709ms (cache miss)
607 timing reifyNode:node_modules/isexe Completed in 4060ms
608 http fetch GET 200 https://registry.npmjs.org/fs-minipass/-/fs-minipass-2.1.0.tgz 3687ms (cache miss)
609 timing reifyNode:node_modules/fs-minipass Completed in 4059ms
610 http fetch GET 200 https://registry.npmjs.org/ansi-regex/-/ansi-regex-5.0.1.tgz 3700ms (cache miss)
611 timing reifyNode:node_modules/ansi-regex Completed in 4082ms
612 http fetch GET 200 https://registry.npmjs.org/color-name/-/color-name-1.1.4.tgz 3705ms (cache miss)
613 timing reifyNode:node_modules/color-name Completed in 4094ms
614 http fetch GET 200 https://registry.npmjs.org/is-fullwidth-code-point/-/is-fullwidth-code-point-3.0.0.tgz 3682ms (cache miss)
615 timing reifyNode:node_modules/is-fullwidth-code-point Completed in 4110ms
616 http fetch GET 200 https://registry.npmjs.org/astral-regex/-/astral-regex-2.0.0.tgz 3683ms (cache miss)
617 timing reifyNode:node_modules/astral-regex Completed in 4121ms
618 http fetch GET 200 https://registry.npmjs.org/is-docker/-/is-docker-2.2.1.tgz 3561ms (cache miss)
619 timing reifyNode:node_modules/is-docker Completed in 4138ms
620 http fetch GET 200 https://registry.npmjs.org/pend/-/pend-1.2.0.tgz 3928ms (cache miss)
621 timing reifyNode:node_modules/pend Completed in 4253ms
622 http fetch GET 200 https://registry.npmjs.org/fd-slicer/-/fd-slicer-1.1.0.tgz 3930ms (cache miss)
623 http fetch GET 200 https://registry.npmjs.org/mkdirp/-/mkdirp-1.0.4.tgz 3896ms (cache miss)
624 http fetch GET 200 https://registry.npmjs.org/chownr/-/chownr-2.0.0.tgz 3888ms (cache miss)
625 timing reifyNode:node_modules/chownr Completed in 4263ms
626 http fetch GET 200 https://registry.npmjs.org/emoji-regex/-/emoji-regex-8.0.0.tgz 3880ms (cache miss)
627 http fetch GET 200 https://registry.npmjs.org/strip-ansi/-/strip-ansi-6.0.1.tgz 3803ms (cache miss)
628 timing reifyNode:node_modules/strip-ansi-cjs Completed in 4266ms
629 http fetch GET 200 https://registry.npmjs.org/@isaacs/balanced-match/-/balanced-match-4.0.1.tgz 3818ms (cache miss)
630 http fetch GET 200 https://registry.npmjs.org/yallist/-/yallist-4.0.0.tgz 3978ms (cache miss)
631 timing reifyNode:node_modules/yallist Completed in 4339ms
632 timing reifyNode:node_modules/fd-slicer Completed in 4344ms
633 http fetch GET 200 https://registry.npmjs.org/minizlib/-/minizlib-2.1.2.tgz 3973ms (cache miss)
634 timing reifyNode:node_modules/minizlib Completed in 4342ms
635 http fetch GET 200 https://registry.npmjs.org/ansi-styles/-/ansi-styles-4.3.0.tgz 3906ms (cache miss)
636 timing reifyNode:node_modules/ansi-styles Completed in 4343ms
637 http fetch GET 200 https://registry.npmjs.org/shebang-regex/-/shebang-regex-3.0.0.tgz 3902ms (cache miss)
638 timing reifyNode:node_modules/shebang-regex Completed in 4344ms
639 http fetch GET 200 https://registry.npmjs.org/base64-js/-/base64-js-1.5.1.tgz 3784ms (cache miss)
640 timing reifyNode:node_modules/base64-js Completed in 4346ms
641 http fetch GET 200 https://registry.npmjs.org/is-wsl/-/is-wsl-2.2.0.tgz 3775ms (cache miss)
642 timing reifyNode:node_modules/is-wsl Completed in 4349ms
643 http fetch GET 200 https://registry.npmjs.org/sisteransi/-/sisteransi-1.0.5.tgz 3803ms (cache miss)
644 timing reifyNode:node_modules/sisteransi Completed in 4352ms
645 http fetch GET 200 https://registry.npmjs.org/ini/-/ini-4.1.3.tgz 3748ms (cache miss)
646 timing reifyNode:node_modules/ini Completed in 4356ms
647 http fetch GET 200 https://registry.npmjs.org/shebang-command/-/shebang-command-2.0.0.tgz 3698ms (cache miss)
648 timing reifyNode:node_modules/shebang-command Completed in 4366ms
649 http fetch GET 200 https://registry.npmjs.org/string_decoder/-/string_decoder-1.3.0.tgz 4079ms (cache miss)
650 timing reifyNode:node_modules/string_decoder Completed in 4422ms
651 timing reifyNode:node_modules/emoji-regex Completed in 4426ms
652 http fetch GET 200 https://registry.npmjs.org/string-width/-/string-width-4.2.3.tgz 3964ms (cache miss)
653 timing reifyNode:node_modules/string-width-cjs Completed in 4430ms
654 timing reifyNode:node_modules/mkdirp Completed in 4498ms
655 http fetch GET 200 https://registry.npmjs.org/color-convert/-/color-convert-2.0.1.tgz 4111ms (cache miss)
656 timing reifyNode:node_modules/color-convert Completed in 4506ms
657 http fetch GET 200 https://registry.npmjs.org/@isaacs/cliui/-/cliui-8.0.2.tgz 4037ms (cache miss)
658 timing reifyNode:node_modules/@isaacs/cliui Completed in 4508ms
659 http fetch GET 200 https://registry.npmjs.org/which/-/which-2.0.2.tgz 3862ms (cache miss)
660 timing reifyNode:node_modules/which Completed in 4525ms
661 http fetch GET 200 https://registry.npmjs.org/wrap-ansi/-/wrap-ansi-7.0.0.tgz 3844ms (cache miss)
662 timing reifyNode:node_modules/wrap-ansi Completed in 4526ms
663 http fetch GET 200 https://registry.npmjs.org/split2/-/split2-4.2.0.tgz 4006ms (cache miss)
664 timing reifyNode:node_modules/split2 Completed in 4611ms
665 http fetch GET 200 https://registry.npmjs.org/define-lazy-prop/-/define-lazy-prop-2.0.0.tgz 4042ms (cache miss)
666 timing reifyNode:node_modules/define-lazy-prop Completed in 4622ms
667 http fetch GET 200 https://registry.npmjs.org/strip-ansi/-/strip-ansi-6.0.1.tgz 3936ms (cache miss)
668 timing reifyNode:node_modules/strip-ansi Completed in 4626ms
669 http fetch GET 200 https://registry.npmjs.org/string-width/-/string-width-4.2.3.tgz 3936ms (cache miss)
670 timing reifyNode:node_modules/string-width Completed in 4627ms
671 http fetch GET 200 https://registry.npmjs.org/untildify/-/untildify-4.0.0.tgz 3944ms (cache miss)
672 timing reifyNode:node_modules/untildify Completed in 4630ms
673 http fetch GET 200 https://registry.npmjs.org/signal-exit/-/signal-exit-3.0.7.tgz 3927ms (cache miss)
674 timing reifyNode:node_modules/signal-exit Completed in 4634ms
675 http fetch GET 200 https://registry.npmjs.org/wrap-ansi/-/wrap-ansi-7.0.0.tgz 4230ms (cache miss)
676 timing reifyNode:node_modules/wrap-ansi-cjs Completed in 4688ms
677 http fetch GET 200 https://registry.npmjs.org/through2/-/through2-4.0.2.tgz 4093ms (cache miss)
678 timing reifyNode:node_modules/through2 Completed in 4691ms
679 http fetch GET 200 https://registry.npmjs.org/sax/-/sax-1.1.4.tgz 4110ms (cache miss)
680 timing reifyNode:node_modules/sax Completed in 4697ms
681 http fetch GET 200 https://registry.npmjs.org/path-key/-/path-key-3.1.1.tgz 4026ms (cache miss)
682 timing reifyNode:node_modules/path-key Completed in 4697ms
683 http fetch GET 200 https://registry.npmjs.org/ms/-/ms-2.1.3.tgz 4041ms (cache miss)
684 timing reifyNode:node_modules/ms Completed in 4700ms
685 http fetch GET 200 https://registry.npmjs.org/jsonfile/-/jsonfile-6.2.0.tgz 4078ms (cache miss)
686 timing reifyNode:node_modules/jsonfile Completed in 4703ms
687 http fetch GET 200 https://registry.npmjs.org/graceful-fs/-/graceful-fs-4.2.11.tgz 4074ms (cache miss)
688 timing reifyNode:node_modules/graceful-fs Completed in 4704ms
689 http fetch GET 200 https://registry.npmjs.org/universalify/-/universalify-2.0.1.tgz 4086ms (cache miss)
690 timing reifyNode:node_modules/universalify Completed in 4707ms
691 http fetch GET 200 https://registry.npmjs.org/cross-spawn/-/cross-spawn-7.0.6.tgz 3923ms (cache miss)
692 http fetch GET 200 https://registry.npmjs.org/@ionic/utils-stream/-/utils-stream-3.1.7.tgz 3895ms (cache miss)
693 timing reifyNode:node_modules/@ionic/utils-stream Completed in 4716ms
694 http fetch GET 200 https://registry.npmjs.org/bplist-parser/-/bplist-parser-0.3.2.tgz 4166ms (cache miss)
695 timing reifyNode:node_modules/bplist-parser Completed in 4783ms
696 http fetch GET 200 https://registry.npmjs.org/slice-ansi/-/slice-ansi-4.0.0.tgz 4086ms (cache miss)
697 timing reifyNode:node_modules/slice-ansi Completed in 4782ms
698 http fetch GET 200 https://registry.npmjs.org/tree-kill/-/tree-kill-1.2.2.tgz 4081ms (cache miss)
699 timing reifyNode:node_modules/tree-kill Completed in 4784ms
700 http fetch GET 200 https://registry.npmjs.org/@ionic/utils-process/-/utils-process-2.1.12.tgz 3947ms (cache miss)
701 timing reifyNode:node_modules/@ionic/utils-process Completed in 4790ms
702 http fetch GET 200 https://registry.npmjs.org/@ionic/utils-subprocess/-/utils-subprocess-3.0.1.tgz 3892ms (cache miss)
703 timing reifyNode:node_modules/@ionic/utils-subprocess Completed in 4789ms
704 http fetch GET 200 https://registry.npmjs.org/strip-ansi/-/strip-ansi-7.1.2.tgz 3854ms (cache miss)
705 timing reifyNode:node_modules/@isaacs/cliui/node_modules/strip-ansi Completed in 4815ms
706 http fetch GET 200 https://registry.npmjs.org/package-json-from-dist/-/package-json-from-dist-1.0.1.tgz 4300ms (cache miss)
707 http fetch GET 200 https://registry.npmjs.org/yauzl/-/yauzl-2.10.0.tgz 4254ms (cache miss)
708 timing reifyNode:node_modules/yauzl Completed in 4848ms
709 timing reifyNode:node_modules/cross-spawn Completed in 4847ms
710 http fetch GET 200 https://registry.npmjs.org/@types/fs-extra/-/fs-extra-8.1.5.tgz 4136ms (cache miss)
711 timing reifyNode:node_modules/@types/fs-extra Completed in 4849ms
712 http fetch GET 200 https://registry.npmjs.org/@ionic/utils-object/-/utils-object-2.1.6.tgz 4141ms (cache miss)
713 timing reifyNode:node_modules/@ionic/utils-object Completed in 4851ms
714 http fetch GET 200 https://registry.npmjs.org/@types/slice-ansi/-/slice-ansi-4.0.0.tgz 4153ms (cache miss)
715 timing reifyNode:node_modules/@types/slice-ansi Completed in 4853ms
716 http fetch GET 200 https://registry.npmjs.org/open/-/open-8.4.2.tgz 3977ms (cache miss)
717 http fetch GET 200 https://registry.npmjs.org/kleur/-/kleur-4.1.5.tgz 3978ms (cache miss)
718 http fetch GET 200 https://registry.npmjs.org/env-paths/-/env-paths-2.2.1.tgz 3975ms (cache miss)
719 timing reifyNode:node_modules/env-paths Completed in 4859ms
720 http fetch GET 200 https://registry.npmjs.org/kleur/-/kleur-3.0.3.tgz 3886ms (cache miss)
721 timing reifyNode:node_modules/prompts/node_modules/kleur Completed in 4869ms
722 http fetch GET 200 https://registry.npmjs.org/safe-buffer/-/safe-buffer-5.2.1.tgz 4550ms (cache miss)
723 timing reifyNode:node_modules/safe-buffer Completed in 4899ms
724 http fetch GET 200 https://registry.npmjs.org/@ionic/utils-fs/-/utils-fs-3.1.7.tgz 4052ms (cache miss)
725 timing reifyNode:node_modules/@ionic/utils-fs Completed in 4900ms
726 http fetch GET 200 https://registry.npmjs.org/@ionic/utils-array/-/utils-array-2.1.6.tgz 4051ms (cache miss)
727 timing reifyNode:node_modules/@ionic/utils-array Completed in 4901ms
728 http fetch GET 200 https://registry.npmjs.org/debug/-/debug-4.4.3.tgz 4015ms (cache miss)
729 http fetch GET 200 https://registry.npmjs.org/string-width/-/string-width-5.1.2.tgz 3957ms (cache miss)
730 timing reifyNode:node_modules/@isaacs/cliui/node_modules/string-width Completed in 4922ms
731 timing reifyNode:node_modules/open Completed in 4926ms
732 timing reifyNode:node_modules/kleur Completed in 4932ms
733 timing reifyNode:node_modules/debug Completed in 4932ms
734 http fetch GET 200 https://registry.npmjs.org/ansi-styles/-/ansi-styles-6.2.3.tgz 4007ms (cache miss)
735 timing reifyNode:node_modules/@isaacs/cliui/node_modules/ansi-styles Completed in 4955ms
736 http fetch GET 200 https://registry.npmjs.org/emoji-regex/-/emoji-regex-9.2.2.tgz 4006ms (cache miss)
737 http fetch GET 200 https://registry.npmjs.org/signal-exit/-/signal-exit-4.1.0.tgz 3990ms (cache miss)
738 timing reifyNode:node_modules/package-json-from-dist Completed in 4974ms
739 http fetch GET 200 https://registry.npmjs.org/ansi-regex/-/ansi-regex-6.2.2.tgz 4048ms (cache miss)
740 timing reifyNode:node_modules/@isaacs/cliui/node_modules/ansi-regex Completed in 5003ms
741 timing reifyNode:node_modules/@isaacs/balanced-match Completed in 5012ms
742 http fetch GET 200 https://registry.npmjs.org/minipass/-/minipass-3.3.6.tgz 4083ms (cache miss)
743 timing reifyNode:node_modules/minizlib/node_modules/minipass Completed in 5028ms
744 http fetch GET 200 https://registry.npmjs.org/wrap-ansi/-/wrap-ansi-8.1.0.tgz 4070ms (cache miss)
745 timing reifyNode:node_modules/@isaacs/cliui/node_modules/wrap-ansi Completed in 5028ms
746 http fetch GET 200 https://registry.npmjs.org/@ionic/utils-terminal/-/utils-terminal-2.3.5.tgz 4126ms (cache miss)
747 http fetch GET 200 https://registry.npmjs.org/@isaacs/brace-expansion/-/brace-expansion-5.0.0.tgz 4598ms (cache miss)
748 http fetch GET 200 https://registry.npmjs.org/minipass/-/minipass-3.3.6.tgz 4126ms (cache miss)
749 timing reifyNode:node_modules/fs-minipass/node_modules/minipass Completed in 5073ms
750 http fetch GET 200 https://registry.npmjs.org/@ionic/cli-framework-output/-/cli-framework-output-2.2.8.tgz 4180ms (cache miss)
751 timing reifyNode:node_modules/@ionic/utils-terminal Completed in 5116ms
752 timing reifyNode:node_modules/@isaacs/brace-expansion Completed in 5138ms
753 timing reifyNode:node_modules/@ionic/cli-framework-output Completed in 5173ms
754 http fetch GET 200 https://registry.npmjs.org/@xmldom/xmldom/-/xmldom-0.8.11.tgz 4668ms (cache miss)
755 http fetch GET 200 https://registry.npmjs.org/big-integer/-/big-integer-1.6.52.tgz 4644ms (cache miss)
756 timing reifyNode:node_modules/big-integer Completed in 5234ms
757 http fetch GET 200 https://registry.npmjs.org/minipass/-/minipass-5.0.0.tgz 4259ms (cache miss)
758 timing reifyNode:node_modules/tar/node_modules/minipass Completed in 5241ms
759 timing reifyNode:node_modules/@xmldom/xmldom Completed in 5302ms
760 http fetch GET 200 https://registry.npmjs.org/elementtree/-/elementtree-0.1.7.tgz 4709ms (cache miss)
761 http fetch GET 200 https://registry.npmjs.org/tslib/-/tslib-2.8.1.tgz 4467ms (cache miss)
762 timing reifyNode:node_modules/tslib Completed in 5324ms
763 http fetch GET 200 https://registry.npmjs.org/commander/-/commander-12.1.0.tgz 4483ms (cache miss)
764 timing reifyNode:node_modules/elementtree Completed in 5422ms
765 timing reifyNode:node_modules/@isaacs/cliui/node_modules/emoji-regex Completed in 5442ms
766 timing reifyNode:node_modules/commander Completed in 5454ms
767 http fetch GET 200 https://registry.npmjs.org/readable-stream/-/readable-stream-3.6.2.tgz 5189ms (cache miss)
768 timing reifyNode:node_modules/readable-stream Completed in 5542ms
769 http fetch GET 200 https://registry.npmjs.org/minipass/-/minipass-7.1.2.tgz 5332ms (cache miss)
770 timing reifyNode:node_modules/minipass Completed in 5827ms
771 http fetch GET 200 https://registry.npmjs.org/jackspeak/-/jackspeak-4.1.1.tgz 5359ms (cache miss)
772 timing reifyNode:node_modules/jackspeak Completed in 5849ms
773 timing reifyNode:node_modules/foreground-child/node_modules/signal-exit Completed in 5868ms
774 http fetch GET 200 https://registry.npmjs.org/foreground-child/-/foreground-child-3.3.1.tgz 5338ms (cache miss)
775 http fetch GET 200 https://registry.npmjs.org/tar/-/tar-6.2.1.tgz 5032ms (cache miss)
776 timing reifyNode:node_modules/foreground-child Completed in 5934ms
777 timing reifyNode:node_modules/tar Completed in 5929ms
778 http fetch GET 200 https://registry.npmjs.org/undici-types/-/undici-types-7.16.0.tgz 5424ms (cache miss)
779 http fetch GET 200 https://registry.npmjs.org/@capacitor/core/-/core-7.4.4.tgz 5277ms (cache miss)
780 http fetch GET 200 https://registry.npmjs.org/path-scurry/-/path-scurry-2.0.1.tgz 5857ms (cache miss)
781 timing reifyNode:node_modules/undici-types Completed in 6413ms
782 timing reifyNode:node_modules/@capacitor/core Completed in 6424ms
783 http fetch GET 200 https://registry.npmjs.org/fs-extra/-/fs-extra-11.3.2.tgz 5549ms (cache miss)
784 timing reifyNode:node_modules/path-scurry Completed in 6446ms
785 timing reifyNode:node_modules/fs-extra Completed in 6551ms
786 http fetch GET 200 https://registry.npmjs.org/plist/-/plist-3.1.0.tgz 5782ms (cache miss)
787 http fetch GET 200 https://registry.npmjs.org/xmlbuilder/-/xmlbuilder-11.0.1.tgz 5707ms (cache miss)
788 timing reifyNode:node_modules/xml2js/node_modules/xmlbuilder Completed in 6748ms
789 timing reifyNode:node_modules/plist Completed in 6750ms
790 http fetch GET 200 https://registry.npmjs.org/xmlbuilder/-/xmlbuilder-15.1.1.tgz 6282ms (cache miss)
791 http fetch GET 200 https://registry.npmjs.org/semver/-/semver-7.7.3.tgz 6025ms (cache miss)
792 timing reifyNode:node_modules/semver Completed in 6887ms
793 timing reifyNode:node_modules/xmlbuilder Completed in 6898ms
794 http fetch GET 200 https://registry.npmjs.org/lru-cache/-/lru-cache-11.2.2.tgz 6628ms (cache miss)
795 http fetch GET 200 https://registry.npmjs.org/fs-extra/-/fs-extra-9.1.0.tgz 6106ms (cache miss)
796 timing reifyNode:node_modules/@ionic/utils-fs/node_modules/fs-extra Completed in 7069ms
797 timing reifyNode:node_modules/lru-cache Completed in 7129ms
798 http fetch GET 200 https://registry.npmjs.org/minimatch/-/minimatch-10.1.1.tgz 7189ms (cache miss)
799 http fetch GET 200 https://registry.npmjs.org/prompts/-/prompts-2.4.2.tgz 6838ms (cache miss)
800 timing reifyNode:node_modules/minimatch Completed in 7722ms
801 timing reifyNode:node_modules/prompts Completed in 7721ms
802 http fetch GET 200 https://registry.npmjs.org/glob/-/glob-11.0.3.tgz 7230ms (cache miss)
803 timing reifyNode:node_modules/glob Completed in 7817ms
804 http fetch GET 200 https://registry.npmjs.org/@capacitor/cli/-/cli-7.4.4.tgz 7355ms (cache miss)
805 timing reifyNode:node_modules/@capacitor/cli Completed in 8282ms
806 http fetch GET 200 https://registry.npmjs.org/rimraf/-/rimraf-6.1.0.tgz 7452ms (cache miss)
807 timing reifyNode:node_modules/rimraf Completed in 8329ms
808 http fetch GET 200 https://registry.npmjs.org/xml2js/-/xml2js-0.6.2.tgz 7811ms (cache miss)
809 timing reifyNode:node_modules/xml2js Completed in 8670ms
810 http fetch GET 200 https://registry.npmjs.org/@types/node/-/node-24.10.0.tgz 8036ms (cache miss)
811 timing reifyNode:node_modules/@types/node Completed in 8718ms
812 http fetch GET 200 https://registry.npmjs.org/native-run/-/native-run-2.0.1.tgz 7881ms (cache miss)
813 timing reifyNode:node_modules/native-run Completed in 8757ms
814 timing reify:unpack Completed in 8781ms
815 timing reify:unretire Completed in 1ms
816 timing build:queue Completed in 14ms
817 timing build:link:node_modules/glob Completed in 21ms
818 timing build:link:node_modules/is-docker Completed in 20ms
819 timing build:link:node_modules/@capacitor/cli Completed in 24ms
820 timing build:link:node_modules/mkdirp Completed in 20ms
821 timing build:link:node_modules/native-run Completed in 20ms
822 timing build:link:node_modules/rimraf Completed in 20ms
823 timing build:link:node_modules/semver Completed in 20ms
824 timing build:link:node_modules/tree-kill Completed in 19ms
825 timing build:link:node_modules/which Completed in 19ms
826 timing build:link Completed in 26ms
827 timing build:deps Completed in 41ms
828 timing build Completed in 42ms
829 timing reify:build Completed in 44ms
830 timing reify:trash Completed in 0ms
831 timing reify:save Completed in 136ms
832 timing reify Completed in 17987ms
833 silly ADD node_modules/eastasianwidth
834 silly ADD node_modules/at-least-node
835 silly ADD node_modules/pend
836 silly ADD node_modules/fd-slicer
837 silly ADD node_modules/buffer-crc32
838 silly ADD node_modules/isexe
839 silly ADD node_modules/safe-buffer
840 silly ADD node_modules/util-deprecate
841 silly ADD node_modules/string_decoder
842 silly ADD node_modules/inherits
843 silly ADD node_modules/readable-stream
844 silly ADD node_modules/yallist
845 silly ADD node_modules/mkdirp
846 silly ADD node_modules/minizlib
847 silly ADD node_modules/minizlib/node_modules/minipass
848 silly ADD node_modules/fs-minipass
849 silly ADD node_modules/fs-minipass/node_modules/minipass
850 silly ADD node_modules/chownr
851 silly ADD node_modules/ansi-regex
852 silly ADD node_modules/emoji-regex
853 silly ADD node_modules/color-name
854 silly ADD node_modules/color-convert
855 silly ADD node_modules/is-fullwidth-code-point
856 silly ADD node_modules/astral-regex
857 silly ADD node_modules/ansi-styles
858 silly ADD node_modules/shebang-regex
859 silly ADD node_modules/lru-cache
860 silly ADD node_modules/@isaacs/balanced-match
861 silly ADD node_modules/@isaacs/brace-expansion
862 silly ADD node_modules/wrap-ansi-cjs
863 silly ADD node_modules/strip-ansi-cjs
864 silly ADD node_modules/string-width-cjs
865 silly ADD node_modules/@isaacs/cliui
866 silly ADD node_modules/@isaacs/cliui/node_modules/ansi-styles
867 silly ADD node_modules/@isaacs/cliui/node_modules/ansi-regex
868 silly ADD node_modules/@isaacs/cliui/node_modules/emoji-regex
869 silly ADD node_modules/@isaacs/cliui/node_modules/wrap-ansi
870 silly ADD node_modules/@isaacs/cliui/node_modules/strip-ansi
871 silly ADD node_modules/@isaacs/cliui/node_modules/string-width
872 silly ADD node_modules/path-scurry
873 silly ADD node_modules/minipass
874 silly ADD node_modules/minimatch
875 silly ADD node_modules/jackspeak
876 silly ADD node_modules/foreground-child
877 silly ADD node_modules/foreground-child/node_modules/signal-exit
878 silly ADD node_modules/package-json-from-dist
879 silly ADD node_modules/glob
880 silly ADD node_modules/sisteransi
881 silly ADD node_modules/xmlbuilder
882 silly ADD node_modules/base64-js
883 silly ADD node_modules/@xmldom/xmldom
884 silly ADD node_modules/is-wsl
885 silly ADD node_modules/is-docker
886 silly ADD node_modules/define-lazy-prop
887 silly ADD node_modules/sax
888 silly ADD node_modules/big-integer
889 silly ADD node_modules/yauzl
890 silly ADD node_modules/through2
891 silly ADD node_modules/split2
892 silly ADD node_modules/ini
893 silly ADD node_modules/elementtree
894 silly ADD node_modules/bplist-parser
895 silly ADD node_modules/universalify
896 silly ADD node_modules/jsonfile
897 silly ADD node_modules/graceful-fs
898 silly ADD node_modules/ms
899 silly ADD node_modules/which
900 silly ADD node_modules/shebang-command
901 silly ADD node_modules/path-key
902 silly ADD node_modules/undici-types
903 silly ADD node_modules/@types/node
904 silly ADD node_modules/wrap-ansi
905 silly ADD node_modules/untildify
906 silly ADD node_modules/strip-ansi
907 silly ADD node_modules/string-width
908 silly ADD node_modules/slice-ansi
909 silly ADD node_modules/@types/slice-ansi
910 silly ADD node_modules/tree-kill
911 silly ADD node_modules/signal-exit
912 silly ADD node_modules/@ionic/utils-object
913 silly ADD node_modules/@types/fs-extra
914 silly ADD node_modules/cross-spawn
915 silly ADD node_modules/@ionic/utils-stream
916 silly ADD node_modules/@ionic/utils-process
917 silly ADD node_modules/@ionic/utils-fs
918 silly ADD node_modules/@ionic/utils-fs/node_modules/fs-extra
919 silly ADD node_modules/@ionic/utils-array
920 silly ADD node_modules/xml2js
921 silly ADD node_modules/xml2js/node_modules/xmlbuilder
922 silly ADD node_modules/tslib
923 silly ADD node_modules/tar
924 silly ADD node_modules/tar/node_modules/minipass
925 silly ADD node_modules/semver
926 silly ADD node_modules/rimraf
927 silly ADD node_modules/prompts
928 silly ADD node_modules/prompts/node_modules/kleur
929 silly ADD node_modules/plist
930 silly ADD node_modules/open
931 silly ADD node_modules/native-run
932 silly ADD node_modules/kleur
933 silly ADD node_modules/fs-extra
934 silly ADD node_modules/env-paths
935 silly ADD node_modules/debug
936 silly ADD node_modules/commander
937 silly ADD node_modules/@ionic/utils-terminal
938 silly ADD node_modules/@ionic/utils-subprocess
939 silly ADD node_modules/@ionic/cli-framework-output
940 silly ADD node_modules/@capacitor/core
941 silly ADD node_modules/@capacitor/cli
942 timing command:install Completed in 18111ms
943 verbose exit 0
944 timing npm Completed in 18337ms
945 info ok
