0 verbose cli /usr/bin/node /usr/bin/npm
1 info using npm@9.2.0
2 info using node@v18.20.4
3 timing npm:load:whichnode Completed in 2ms
4 timing config:load:defaults Completed in 7ms
5 timing config:load:file:/usr/share/nodejs/npm/npmrc Completed in 11ms
6 timing config:load:builtin Completed in 11ms
7 timing config:load:cli Completed in 15ms
8 timing config:load:env Completed in 2ms
9 timing config:load:project Completed in 5ms
10 timing config:load:file:/home/darkm/.npmrc Completed in 1ms
11 timing config:load:user Completed in 2ms
12 timing config:load:file:/etc/npmrc Completed in 1ms
13 timing config:load:global Completed in 2ms
14 timing config:load:setEnvs Completed in 6ms
15 timing config:load Completed in 53ms
16 timing npm:load:configload Completed in 54ms
17 timing npm:load:mkdirpcache Completed in 2ms
18 timing npm:load:mkdirplogs Completed in 1ms
19 verbose title npm init
20 verbose argv "init" "--yes"
21 timing npm:load:setTitle Completed in 6ms
22 timing config:load:flatten Completed in 16ms
23 timing npm:load:display Completed in 19ms
24 verbose logfile logs-max:10 dir:/home/darkm/.npm/_logs/2025-11-10T16_54_25_476Z-
25 verbose logfile /home/darkm/.npm/_logs/2025-11-10T16_54_25_476Z-debug-0.log
26 timing npm:load:logFile Completed in 25ms
27 timing npm:load:timers Completed in 0ms
28 timing npm:load:configScope Completed in 1ms
29 timing npm:load Completed in 112ms
30 silly logfile done cleaning log files
31 timing config:load:flatten Completed in 2ms
32 silly package data {
32 silly package data   name: 'darkm',
32 silly package data   version: '1.0.0',
32 silly package data   main: 'index.js',
32 silly package data   scripts: { test: 'echo "Error: no test specified" && exit 1' },
32 silly package data   keywords: [],
32 silly package data   author: '',
32 silly package data   license: 'ISC',
32 silly package data   dependencies: { '@capacitor/cli': '^7.4.4', '@capacitor/core': '^7.4.4' },
32 silly package data   devDependencies: {},
32 silly package data   description: '',
32 silly package data   [Symbol(newline)]: '\n',
32 silly package data   [Symbol(indent)]: '  '
32 silly package data }
33 info init written successfully
34 timing command:init Completed in 142ms
35 verbose exit 0
36 timing npm Completed in 388ms
37 info ok
