0 verbose cli /usr/bin/node /usr/share/nodejs/npm/bin/npm-cli.js
1 info using npm@9.2.0
2 info using node@v18.20.4
3 timing npm:load:whichnode Completed in 1ms
4 timing config:load:defaults Completed in 7ms
5 timing config:load:file:/usr/share/nodejs/npm/npmrc Completed in 9ms
6 timing config:load:builtin Completed in 11ms
7 timing config:load:cli Completed in 7ms
8 timing config:load:env Completed in 2ms
9 timing config:load:project Completed in 4ms
10 timing config:load:file:/home/darkm/.npmrc Completed in 1ms
11 timing config:load:user Completed in 1ms
12 timing config:load:file:/etc/npmrc Completed in 1ms
13 timing config:load:global Completed in 2ms
14 timing config:load:setEnvs Completed in 5ms
15 timing config:load Completed in 43ms
16 timing npm:load:configload Completed in 44ms
17 timing npm:load:mkdirpcache Completed in 1ms
18 timing npm:load:mkdirplogs Completed in 1ms
19 verbose title npm exec cap copy
20 verbose argv "exec" "--" "cap" "copy"
21 timing npm:load:setTitle Completed in 7ms
22 timing config:load:flatten Completed in 12ms
23 timing npm:load:display Completed in 16ms
24 verbose logfile logs-max:10 dir:/home/darkm/.npm/_logs/2025-11-10T16_54_38_440Z-
25 verbose logfile /home/darkm/.npm/_logs/2025-11-10T16_54_38_440Z-debug-0.log
26 timing npm:load:logFile Completed in 22ms
27 timing npm:load:timers Completed in 1ms
28 timing npm:load:configScope Completed in 0ms
29 timing npm:load Completed in 98ms
30 silly logfile start cleaning logs, removing 1 files
31 timing config:load:flatten Completed in 3ms
32 silly logfile done cleaning log files
33 timing command:exec Completed in 532ms
34 verbose exit 1
35 timing npm Completed in 718ms
36 verbose code 1
