0 verbose cli /usr/bin/node /usr/bin/npm
1 info using npm@9.2.0
2 info using node@v18.20.4
3 timing npm:load:whichnode Completed in 1ms
4 timing config:load:defaults Completed in 8ms
5 timing config:load:file:/usr/share/nodejs/npm/npmrc Completed in 11ms
6 timing config:load:builtin Completed in 12ms
7 timing config:load:cli Completed in 6ms
8 timing config:load:env Completed in 3ms
9 timing config:load:project Completed in 8ms
10 timing config:load:file:/home/darkm/.npmrc Completed in 1ms
11 timing config:load:user Completed in 3ms
12 timing config:load:file:/etc/npmrc Completed in 1ms
13 timing config:load:global Completed in 2ms
14 timing config:load:setEnvs Completed in 8ms
15 timing config:load Completed in 54ms
16 timing npm:load:configload Completed in 54ms
17 timing npm:load:mkdirpcache Completed in 2ms
18 timing npm:load:mkdirplogs Completed in 1ms
19 verbose title npm install @capacitor/core @capacitor/cli
20 verbose argv "install" "@capacitor/core" "@capacitor/cli"
21 timing npm:load:setTitle Completed in 13ms
22 timing config:load:flatten Completed in 27ms
23 timing npm:load:display Completed in 34ms
24 verbose logfile logs-max:10 dir:/home/darkm/.npm/_logs/2025-11-10T16_46_20_005Z-
25 verbose logfile /home/darkm/.npm/_logs/2025-11-10T16_46_20_005Z-debug-0.log
26 timing npm:load:logFile Completed in 39ms
27 timing npm:load:timers Completed in 1ms
28 timing npm:load:configScope Completed in 1ms
29 timing npm:load Completed in 153ms
30 silly logfile done cleaning log files
31 timing config:load:flatten Completed in 3ms
32 timing arborist:ctor Completed in 7ms
33 timing idealTree:init Completed in 537ms
34 timing idealTree:userRequests Completed in 6ms
35 silly idealTree buildDeps
36 silly fetch manifest @capacitor/cli@^7.4.4
37 timing arborist:ctor Completed in 1ms
38 http fetch GET 200 https://registry.npmjs.org/@capacitor%2fcli 418ms (cache hit)
39 silly fetch manifest @capacitor/core@^7.4.4
40 http fetch GET 200 https://registry.npmjs.org/@capacitor%2fcore 81ms (cache hit)
41 silly placeDep ROOT @capacitor/cli@7.4.4 REPLACE for: darkm@1.0.0 want: ^7.4.4
42 silly placeDep ROOT @capacitor/core@7.4.4 REPLACE for: darkm@1.0.0 want: ^7.4.4
43 timing idealTree:#root Completed in 605ms
44 timing idealTree:node_modules/@capacitor/cli Completed in 1ms
45 timing idealTree:node_modules/@capacitor/core Completed in 0ms
46 timing idealTree:buildDeps Completed in 612ms
47 timing idealTree:fixDepFlags Completed in 6ms
48 warn EBADENGINE Unsupported engine {
48 warn EBADENGINE   package: '@isaacs/balanced-match@4.0.1',
48 warn EBADENGINE   required: { node: '20 || >=22' },
48 warn EBADENGINE   current: { node: 'v18.20.4', npm: '9.2.0' }
48 warn EBADENGINE }
49 warn EBADENGINE Unsupported engine {
49 warn EBADENGINE   package: '@isaacs/brace-expansion@5.0.0',
49 warn EBADENGINE   required: { node: '20 || >=22' },
49 warn EBADENGINE   current: { node: 'v18.20.4', npm: '9.2.0' }
49 warn EBADENGINE }
50 warn EBADENGINE Unsupported engine {
50 warn EBADENGINE   package: 'glob@11.0.3',
50 warn EBADENGINE   required: { node: '20 || >=22' },
50 warn EBADENGINE   current: { node: 'v18.20.4', npm: '9.2.0' }
50 warn EBADENGINE }
51 warn EBADENGINE Unsupported engine {
51 warn EBADENGINE   package: 'jackspeak@4.1.1',
51 warn EBADENGINE   required: { node: '20 || >=22' },
51 warn EBADENGINE   current: { node: 'v18.20.4', npm: '9.2.0' }
51 warn EBADENGINE }
52 warn EBADENGINE Unsupported engine {
52 warn EBADENGINE   package: 'lru-cache@11.2.2',
52 warn EBADENGINE   required: { node: '20 || >=22' },
52 warn EBADENGINE   current: { node: 'v18.20.4', npm: '9.2.0' }
52 warn EBADENGINE }
53 warn EBADENGINE Unsupported engine {
53 warn EBADENGINE   package: 'minimatch@10.1.1',
53 warn EBADENGINE   required: { node: '20 || >=22' },
53 warn EBADENGINE   current: { node: 'v18.20.4', npm: '9.2.0' }
53 warn EBADENGINE }
54 warn EBADENGINE Unsupported engine {
54 warn EBADENGINE   package: 'path-scurry@2.0.1',
54 warn EBADENGINE   required: { node: '20 || >=22' },
54 warn EBADENGINE   current: { node: 'v18.20.4', npm: '9.2.0' }
54 warn EBADENGINE }
55 warn EBADENGINE Unsupported engine {
55 warn EBADENGINE   package: 'rimraf@6.1.0',
55 warn EBADENGINE   required: { node: '20 || >=22' },
55 warn EBADENGINE   current: { node: 'v18.20.4', npm: '9.2.0' }
55 warn EBADENGINE }
56 warn EBADENGINE Unsupported engine {
56 warn EBADENGINE   package: '@capacitor/cli@7.4.4',
56 warn EBADENGINE   required: { node: '>=20.0.0' },
56 warn EBADENGINE   current: { node: 'v18.20.4', npm: '9.2.0' }
56 warn EBADENGINE }
57 timing idealTree Completed in 1316ms
58 timing reify:loadTrees Completed in 1329ms
59 timing reify:diffTrees Completed in 29ms
60 silly reify moves {}
61 timing reify:retireShallow Completed in 2ms
62 timing reify:createSparse Completed in 0ms
63 timing reify:loadBundles Completed in 0ms
64 silly audit bulk request {
64 silly audit   '@ionic/cli-framework-output': [ '2.2.8' ],
64 silly audit   '@ionic/utils-array': [ '2.1.6' ],
64 silly audit   '@ionic/utils-fs': [ '3.1.7' ],
64 silly audit   'fs-extra': [ '9.1.0', '11.3.2' ],
64 silly audit   '@ionic/utils-object': [ '2.1.6' ],
64 silly audit   '@ionic/utils-process': [ '2.1.12' ],
64 silly audit   '@ionic/utils-stream': [ '3.1.7' ],
64 silly audit   '@ionic/utils-subprocess': [ '3.0.1' ],
64 silly audit   '@ionic/utils-terminal': [ '2.3.5' ],
64 silly audit   '@isaacs/balanced-match': [ '4.0.1' ],
64 silly audit   '@isaacs/brace-expansion': [ '5.0.0' ],
64 silly audit   '@isaacs/cliui': [ '8.0.2' ],
64 silly audit   'ansi-regex': [ '6.2.2', '5.0.1' ],
64 silly audit   'ansi-styles': [ '6.2.3', '4.3.0' ],
64 silly audit   'emoji-regex': [ '9.2.2', '8.0.0' ],
64 silly audit   'string-width': [ '5.1.2', '4.2.3' ],
64 silly audit   'strip-ansi': [ '7.1.2', '6.0.1' ],
64 silly audit   'wrap-ansi': [ '8.1.0', '7.0.0' ],
64 silly audit   '@types/fs-extra': [ '8.1.5' ],
64 silly audit   '@types/node': [ '24.10.0' ],
64 silly audit   '@types/slice-ansi': [ '4.0.0' ],
64 silly audit   '@xmldom/xmldom': [ '0.8.11' ],
64 silly audit   'astral-regex': [ '2.0.0' ],
64 silly audit   'at-least-node': [ '1.0.0' ],
64 silly audit   'base64-js': [ '1.5.1' ],
64 silly audit   'big-integer': [ '1.6.52' ],
64 silly audit   'bplist-parser': [ '0.3.2' ],
64 silly audit   'buffer-crc32': [ '0.2.13' ],
64 silly audit   chownr: [ '2.0.0' ],
64 silly audit   'color-convert': [ '2.0.1' ],
64 silly audit   'color-name': [ '1.1.4' ],
64 silly audit   commander: [ '12.1.0' ],
64 silly audit   'cross-spawn': [ '7.0.6' ],
64 silly audit   debug: [ '4.4.3' ],
64 silly audit   'define-lazy-prop': [ '2.0.0' ],
64 silly audit   eastasianwidth: [ '0.2.0' ],
64 silly audit   elementtree: [ '0.1.7' ],
64 silly audit   'env-paths': [ '2.2.1' ],
64 silly audit   'fd-slicer': [ '1.1.0' ],
64 silly audit   'foreground-child': [ '3.3.1' ],
64 silly audit   'signal-exit': [ '4.1.0', '3.0.7' ],
64 silly audit   'fs-minipass': [ '2.1.0' ],
64 silly audit   minipass: [ '3.3.6', '7.1.2', '5.0.0' ],
64 silly audit   glob: [ '11.0.3' ],
64 silly audit   'graceful-fs': [ '4.2.11' ],
64 silly audit   inherits: [ '2.0.4' ],
64 silly audit   ini: [ '4.1.3' ],
64 silly audit   'is-docker': [ '2.2.1' ],
64 silly audit   'is-fullwidth-code-point': [ '3.0.0' ],
64 silly audit   'is-wsl': [ '2.2.0' ],
64 silly audit   isexe: [ '2.0.0' ],
64 silly audit   jackspeak: [ '4.1.1' ],
64 silly audit   jsonfile: [ '6.2.0' ],
64 silly audit   kleur: [ '4.1.5', '3.0.3' ],
64 silly audit   'lru-cache': [ '11.2.2' ],
64 silly audit   minimatch: [ '10.1.1' ],
64 silly audit   minizlib: [ '2.1.2' ],
64 silly audit   mkdirp: [ '1.0.4' ],
64 silly audit   ms: [ '2.1.3' ],
64 silly audit   'native-run': [ '2.0.1' ],
64 silly audit   open: [ '8.4.2' ],
64 silly audit   'package-json-from-dist': [ '1.0.1' ],
64 silly audit   'path-key': [ '3.1.1' ],
64 silly audit   'path-scurry': [ '2.0.1' ],
64 silly audit   pend: [ '1.2.0' ],
64 silly audit   plist: [ '3.1.0' ],
64 silly audit   prompts: [ '2.4.2' ],
64 silly audit   'readable-stream': [ '3.6.2' ],
64 silly audit   rimraf: [ '6.1.0' ],
64 silly audit   'safe-buffer': [ '5.2.1' ],
64 silly audit   sax: [ '1.1.4' ],
64 silly audit   semver: [ '7.7.3' ],
64 silly audit   'shebang-command': [ '2.0.0' ],
64 silly audit   'shebang-regex': [ '3.0.0' ],
64 silly audit   sisteransi: [ '1.0.5' ],
64 silly audit   'slice-ansi': [ '4.0.0' ],
64 silly audit   split2: [ '4.2.0' ],
64 silly audit   string_decoder: [ '1.3.0' ],
64 silly audit   tar: [ '6.2.1' ],
64 silly audit   through2: [ '4.0.2' ],
64 silly audit   'tree-kill': [ '1.2.2' ],
64 silly audit   tslib: [ '2.8.1' ],
64 silly audit   'undici-types': [ '7.16.0' ],
64 silly audit   universalify: [ '2.0.1' ],
64 silly audit   untildify: [ '4.0.0' ],
64 silly audit   'util-deprecate': [ '1.0.2' ],
64 silly audit   which: [ '2.0.2' ],
64 silly audit   xml2js: [ '0.6.2' ],
64 silly audit   xmlbuilder: [ '11.0.1', '15.1.1' ],
64 silly audit   yallist: [ '4.0.0' ],
64 silly audit   yauzl: [ '2.10.0' ],
64 silly audit   '@capacitor/cli': [ '7.4.4' ],
64 silly audit   '@capacitor/core': [ '7.4.4' ]
64 silly audit }
65 timing reify:unpack Completed in 9ms
66 timing reify:unretire Completed in 0ms
67 timing build:queue Completed in 0ms
68 timing build:deps Completed in 2ms
69 timing build Completed in 4ms
70 timing reify:build Completed in 5ms
71 timing reify:trash Completed in 0ms
72 timing reify:save Completed in 128ms
73 http fetch POST 200 https://registry.npmjs.org/-/npm/v1/security/advisories/bulk 658ms
74 timing auditReport:getReport Completed in 666ms
75 silly audit report {}
76 timing auditReport:init Completed in 0ms
77 timing reify:audit Completed in 670ms
78 timing reify Completed in 2068ms
79 timing command:install Completed in 2148ms
80 verbose exit 0
81 timing npm Completed in 2416ms
82 info ok
